{"D:\\Projects\\BikeCheck\\apps\\backend\\shared\\prisma.module.ts": {"path":"D:\\Projects\\BikeCheck\\apps\\backend\\shared\\prisma.module.ts","statementMap":{"0":{"start":{"line":1,"column":0},"end":{"line":1,"column":40}},"1":{"start":{"line":2,"column":0},"end":{"line":2,"column":49}},"2":{"start":{"line":8,"column":7},"end":{"line":8,"column":null}},"3":{"start":{"line":8,"column":13},"end":{"line":8,"column":25}},"4":{"start":{"line":8,"column":13},"end":{"line":8,"column":null}}},"fnMap":{},"branchMap":{},"s":{"0":2,"1":2,"2":2,"3":2,"4":2},"f":{},"b":{}}
,"D:\\Projects\\BikeCheck\\apps\\backend\\shared\\prisma.service.ts": {"path":"D:\\Projects\\BikeCheck\\apps\\backend\\shared\\prisma.service.ts","statementMap":{"0":{"start":{"line":1,"column":0},"end":{"line":1,"column":75}},"1":{"start":{"line":2,"column":0},"end":{"line":2,"column":46}},"2":{"start":{"line":3,"column":0},"end":{"line":3,"column":46}},"3":{"start":{"line":4,"column":0},"end":{"line":4,"column":26}},"4":{"start":{"line":5,"column":0},"end":{"line":5,"column":23}},"5":{"start":{"line":8,"column":7},"end":{"line":28,"column":null}},"6":{"start":{"line":10,"column":29},"end":{"line":10,"column":53}},"7":{"start":{"line":12,"column":4},"end":{"line":14,"column":5}},"8":{"start":{"line":13,"column":6},"end":{"line":13,"column":78}},"9":{"start":{"line":15,"column":17},"end":{"line":15,"column":47}},"10":{"start":{"line":16,"column":20},"end":{"line":16,"column":38}},"11":{"start":{"line":17,"column":4},"end":{"line":17,"column":23}},"12":{"start":{"line":22,"column":4},"end":{"line":22,"column":26}},"13":{"start":{"line":26,"column":4},"end":{"line":26,"column":29}},"14":{"start":{"line":8,"column":13},"end":{"line":8,"column":26}},"15":{"start":{"line":8,"column":13},"end":{"line":28,"column":null}}},"fnMap":{"0":{"name":"(anonymous_2)","decl":{"start":{"line":9,"column":2},"end":{"line":9,"column":null}},"loc":{"start":{"line":9,"column":2},"end":{"line":18,"column":3}}},"1":{"name":"(anonymous_3)","decl":{"start":{"line":21,"column":2},"end":{"line":21,"column":7}},"loc":{"start":{"line":21,"column":20},"end":{"line":23,"column":3}}},"2":{"name":"(anonymous_4)","decl":{"start":{"line":25,"column":2},"end":{"line":25,"column":7}},"loc":{"start":{"line":25,"column":23},"end":{"line":27,"column":3}}}},"branchMap":{"0":{"loc":{"start":{"line":12,"column":4},"end":{"line":14,"column":5}},"type":"if","locations":[{"start":{"line":12,"column":4},"end":{"line":14,"column":5}},{"start":{},"end":{}}]}},"s":{"0":7,"1":7,"2":7,"3":7,"4":7,"5":7,"6":4,"7":4,"8":0,"9":4,"10":4,"11":4,"12":2,"13":4,"14":7,"15":7},"f":{"0":4,"1":2,"2":4},"b":{"0":[0,4]}}
,"D:\\Projects\\BikeCheck\\apps\\backend\\src\\app.module.ts": {"path":"D:\\Projects\\BikeCheck\\apps\\backend\\src\\app.module.ts","statementMap":{"0":{"start":{"line":1,"column":0},"end":{"line":1,"column":40}},"1":{"start":{"line":2,"column":0},"end":{"line":2,"column":48}},"2":{"start":{"line":3,"column":0},"end":{"line":3,"column":48}},"3":{"start":{"line":4,"column":0},"end":{"line":4,"column":72}},"4":{"start":{"line":5,"column":0},"end":{"line":5,"column":60}},"5":{"start":{"line":6,"column":0},"end":{"line":6,"column":51}},"6":{"start":{"line":7,"column":0},"end":{"line":7,"column":48}},"7":{"start":{"line":8,"column":0},"end":{"line":8,"column":43}},"8":{"start":{"line":9,"column":0},"end":{"line":9,"column":24}},"9":{"start":{"line":11,"column":18},"end":{"line":11,"column":49}},"10":{"start":{"line":12,"column":24},"end":{"line":12,"column":61}},"11":{"start":{"line":46,"column":7},"end":{"line":46,"column":null}},"12":{"start":{"line":46,"column":13},"end":{"line":46,"column":22}},"13":{"start":{"line":46,"column":13},"end":{"line":46,"column":null}}},"fnMap":{},"branchMap":{"0":{"loc":{"start":{"line":18,"column":15},"end":{"line":18,"column":72}},"type":"cond-expr","locations":[{"start":{"line":18,"column":27},"end":{"line":18,"column":35}},{"start":{"line":18,"column":38},"end":{"line":18,"column":72}}]},"1":{"loc":{"start":{"line":18,"column":38},"end":{"line":18,"column":72}},"type":"cond-expr","locations":[{"start":{"line":18,"column":56},"end":{"line":18,"column":62}},{"start":{"line":18,"column":65},"end":{"line":18,"column":72}}]},"2":{"loc":{"start":{"line":21,"column":10},"end":{"line":30,"column":null}},"type":"cond-expr","locations":[{"start":{"line":22,"column":14},"end":{"line":22,"column":23}},{"start":{"line":23,"column":14},"end":{"line":30,"column":null}}]},"3":{"loc":{"start":{"line":21,"column":10},"end":{"line":21,"column":38}},"type":"binary-expr","locations":[{"start":{"line":21,"column":10},"end":{"line":21,"column":25}},{"start":{"line":21,"column":29},"end":{"line":21,"column":38}}]}},"s":{"0":2,"1":2,"2":2,"3":2,"4":2,"5":2,"6":2,"7":2,"8":2,"9":2,"10":2,"11":2,"12":2,"13":2},"f":{},"b":{"0":[2,0],"1":[0,0],"2":[2,0],"3":[2,2]}}
,"D:\\Projects\\BikeCheck\\apps\\backend\\src\\auth\\auth.config.ts": {"path":"D:\\Projects\\BikeCheck\\apps\\backend\\src\\auth\\auth.config.ts","statementMap":{"0":{"start":{"line":1,"column":0},"end":{"line":1,"column":23}},"1":{"start":{"line":3,"column":13},"end":{"line":7,"column":11}}},"fnMap":{},"branchMap":{"0":{"loc":{"start":{"line":4,"column":25},"end":{"line":4,"column":62}},"type":"binary-expr","locations":[{"start":{"line":4,"column":25},"end":{"line":4,"column":51}},{"start":{"line":4,"column":55},"end":{"line":4,"column":62}}]},"1":{"loc":{"start":{"line":6,"column":42},"end":{"line":6,"column":91}},"type":"binary-expr","locations":[{"start":{"line":6,"column":42},"end":{"line":6,"column":83}},{"start":{"line":6,"column":87},"end":{"line":6,"column":91}}]}},"s":{"0":3,"1":3},"f":{},"b":{"0":[3,0],"1":[3,0]}}
,"D:\\Projects\\BikeCheck\\apps\\backend\\src\\auth\\auth.controller.ts": {"path":"D:\\Projects\\BikeCheck\\apps\\backend\\src\\auth\\auth.controller.ts","statementMap":{"0":{"start":{"line":1,"column":0},"end":{"line":1,"column":108}},"1":{"start":{"line":2,"column":0},"end":{"line":2,"column":59}},"2":{"start":{"line":3,"column":0},"end":{"line":3,"column":61}},"3":{"start":{"line":4,"column":0},"end":{"line":4,"column":55}},"4":{"start":{"line":5,"column":0},"end":{"line":5,"column":45}},"5":{"start":{"line":6,"column":0},"end":{"line":6,"column":57}},"6":{"start":{"line":7,"column":0},"end":{"line":7,"column":47}},"7":{"start":{"line":8,"column":0},"end":{"line":8,"column":51}},"8":{"start":{"line":9,"column":0},"end":{"line":9,"column":55}},"9":{"start":{"line":10,"column":0},"end":{"line":10,"column":71}},"10":{"start":{"line":11,"column":0},"end":{"line":11,"column":43}},"11":{"start":{"line":14,"column":0},"end":{"line":14,"column":40}},"12":{"start":{"line":21,"column":7},"end":{"line":180,"column":null}},"13":{"start":{"line":23,"column":12},"end":{"line":23,"column":25}},"14":{"start":{"line":24,"column":12},"end":{"line":24,"column":25}},"15":{"start":{"line":25,"column":12},"end":{"line":25,"column":27}},"16":{"start":{"line":26,"column":12},"end":{"line":26,"column":26}},"17":{"start":{"line":33,"column":4},"end":{"line":33,"column":67}},"18":{"start":{"line":42,"column":20},"end":{"line":42,"column":64}},"19":{"start":{"line":44,"column":4},"end":{"line":44,"column":39}},"20":{"start":{"line":51,"column":23},"end":{"line":51,"column":46}},"21":{"start":{"line":52,"column":32},"end":{"line":52,"column":60}},"22":{"start":{"line":53,"column":42},"end":{"line":53,"column":115}},"23":{"start":{"line":54,"column":4},"end":{"line":54,"column":56}},"24":{"start":{"line":55,"column":4},"end":{"line":55,"column":67}},"25":{"start":{"line":62,"column":18},"end":{"line":62,"column":46}},"26":{"start":{"line":63,"column":4},"end":{"line":63,"column":41}},"27":{"start":{"line":64,"column":4},"end":{"line":64,"column":32}},"28":{"start":{"line":65,"column":4},"end":{"line":65,"column":77}},"29":{"start":{"line":76,"column":23},"end":{"line":76,"column":46}},"30":{"start":{"line":77,"column":42},"end":{"line":80,"column":null}},"31":{"start":{"line":82,"column":4},"end":{"line":82,"column":56}},"32":{"start":{"line":83,"column":4},"end":{"line":83,"column":40}},"33":{"start":{"line":107,"column":76},"end":{"line":107,"column":84}},"34":{"start":{"line":108,"column":32},"end":{"line":114,"column":6}},"35":{"start":{"line":116,"column":23},"end":{"line":116,"column":46}},"36":{"start":{"line":117,"column":42},"end":{"line":117,"column":116}},"37":{"start":{"line":118,"column":4},"end":{"line":118,"column":56}},"38":{"start":{"line":119,"column":23},"end":{"line":119,"column":75}},"39":{"start":{"line":120,"column":4},"end":{"line":120,"column":27}},"40":{"start":{"line":121,"column":4},"end":{"line":121,"column":36}},"41":{"start":{"line":127,"column":4},"end":{"line":132,"column":7}},"42":{"start":{"line":133,"column":4},"end":{"line":138,"column":7}},"43":{"start":{"line":142,"column":4},"end":{"line":146,"column":7}},"44":{"start":{"line":148,"column":4},"end":{"line":153,"column":7}},"45":{"start":{"line":157,"column":25},"end":{"line":157,"column":50}},"46":{"start":{"line":158,"column":19},"end":{"line":158,"column":45}},"47":{"start":{"line":159,"column":15},"end":{"line":159,"column":33}},"48":{"start":{"line":160,"column":23},"end":{"line":160,"column":86}},"49":{"start":{"line":161,"column":4},"end":{"line":161,"column":22}},"50":{"start":{"line":165,"column":4},"end":{"line":178,"column":6}},"51":{"start":{"line":21,"column":13},"end":{"line":21,"column":27}},"52":{"start":{"line":32,"column":2},"end":{"line":34,"column":null}},"53":{"start":{"line":41,"column":8},"end":{"line":45,"column":null}},"54":{"start":{"line":50,"column":8},"end":{"line":56,"column":null}},"55":{"start":{"line":61,"column":8},"end":{"line":66,"column":null}},"56":{"start":{"line":75,"column":8},"end":{"line":84,"column":null}},"57":{"start":{"line":90,"column":2},"end":{"line":92,"column":null}},"58":{"start":{"line":99,"column":8},"end":{"line":123,"column":null}},"59":{"start":{"line":21,"column":13},"end":{"line":180,"column":null}}},"fnMap":{"0":{"name":"(anonymous_4)","decl":{"start":{"line":22,"column":2},"end":{"line":22,"column":null}},"loc":{"start":{"line":26,"column":38},"end":{"line":27,"column":6}}},"1":{"name":"(anonymous_5)","decl":{"start":{"line":32,"column":2},"end":{"line":32,"column":6}},"loc":{"start":{"line":32,"column":27},"end":{"line":34,"column":3}}},"2":{"name":"(anonymous_6)","decl":{"start":{"line":41,"column":8},"end":{"line":41,"column":18}},"loc":{"start":{"line":41,"column":46},"end":{"line":45,"column":3}}},"3":{"name":"(anonymous_7)","decl":{"start":{"line":50,"column":8},"end":{"line":50,"column":19}},"loc":{"start":{"line":50,"column":79},"end":{"line":56,"column":3}}},"4":{"name":"(anonymous_8)","decl":{"start":{"line":61,"column":8},"end":{"line":61,"column":14}},"loc":{"start":{"line":61,"column":56},"end":{"line":66,"column":3}}},"5":{"name":"(anonymous_9)","decl":{"start":{"line":75,"column":8},"end":{"line":75,"column":13}},"loc":{"start":{"line":75,"column":90},"end":{"line":84,"column":3}}},"6":{"name":"(anonymous_10)","decl":{"start":{"line":90,"column":2},"end":{"line":90,"column":12}},"loc":{"start":{"line":90,"column":12},"end":{"line":92,"column":3}}},"7":{"name":"(anonymous_11)","decl":{"start":{"line":99,"column":8},"end":{"line":99,"column":26}},"loc":{"start":{"line":102,"column":20},"end":{"line":123,"column":3}}},"8":{"name":"(anonymous_12)","decl":{"start":{"line":126,"column":10},"end":{"line":126,"column":27}},"loc":{"start":{"line":126,"column":41},"end":{"line":139,"column":3}}},"9":{"name":"(anonymous_13)","decl":{"start":{"line":141,"column":10},"end":{"line":141,"column":24}},"loc":{"start":{"line":141,"column":81},"end":{"line":154,"column":3}}},"10":{"name":"(anonymous_14)","decl":{"start":{"line":156,"column":10},"end":{"line":156,"column":23}},"loc":{"start":{"line":156,"column":32},"end":{"line":162,"column":3}}},"11":{"name":"(anonymous_15)","decl":{"start":{"line":164,"column":10},"end":{"line":164,"column":23}},"loc":{"start":{"line":164,"column":38},"end":{"line":179,"column":3}}}},"branchMap":{"0":{"loc":{"start":{"line":119,"column":23},"end":{"line":119,"column":75}},"type":"cond-expr","locations":[{"start":{"line":119,"column":35},"end":{"line":119,"column":53}},{"start":{"line":119,"column":56},"end":{"line":119,"column":75}}]},"1":{"loc":{"start":{"line":160,"column":26},"end":{"line":160,"column":54}},"type":"binary-expr","locations":[{"start":{"line":160,"column":26},"end":{"line":160,"column":41}},{"start":{"line":160,"column":45},"end":{"line":160,"column":54}}]},"2":{"loc":{"start":{"line":160,"column":61},"end":{"line":160,"column":84}},"type":"binary-expr","locations":[{"start":{"line":160,"column":61},"end":{"line":160,"column":71}},{"start":{"line":160,"column":75},"end":{"line":160,"column":84}}]},"3":{"loc":{"start":{"line":167,"column":12},"end":{"line":167,"column":27}},"type":"binary-expr","locations":[{"start":{"line":167,"column":12},"end":{"line":167,"column":21}},{"start":{"line":167,"column":25},"end":{"line":167,"column":27}}]},"4":{"loc":{"start":{"line":168,"column":13},"end":{"line":168,"column":29}},"type":"binary-expr","locations":[{"start":{"line":168,"column":13},"end":{"line":168,"column":23}},{"start":{"line":168,"column":27},"end":{"line":168,"column":29}}]},"5":{"loc":{"start":{"line":174,"column":17},"end":{"line":174,"column":40}},"type":"binary-expr","locations":[{"start":{"line":174,"column":17},"end":{"line":174,"column":31}},{"start":{"line":174,"column":35},"end":{"line":174,"column":40}}]},"6":{"loc":{"start":{"line":175,"column":21},"end":{"line":175,"column":47}},"type":"binary-expr","locations":[{"start":{"line":175,"column":21},"end":{"line":175,"column":39}},{"start":{"line":175,"column":43},"end":{"line":175,"column":47}}]},"7":{"loc":{"start":{"line":176,"column":18},"end":{"line":176,"column":47}},"type":"binary-expr","locations":[{"start":{"line":176,"column":18},"end":{"line":176,"column":33}},{"start":{"line":176,"column":37},"end":{"line":176,"column":47}}]},"8":{"loc":{"start":{"line":177,"column":18},"end":{"line":177,"column":47}},"type":"binary-expr","locations":[{"start":{"line":177,"column":18},"end":{"line":177,"column":33}},{"start":{"line":177,"column":37},"end":{"line":177,"column":47}}]},"9":{"loc":{"start":{"line":41,"column":33},"end":{"line":41,"column":49}},"type":"cond-expr","locations":[{"start":{"line":41,"column":46},"end":{"line":41,"column":49}},{"start":{"line":41,"column":46},"end":{"line":41,"column":49}}]},"10":{"loc":{"start":{"line":41,"column":33},"end":{"line":41,"column":46}},"type":"binary-expr","locations":[{"start":{"line":41,"column":33},"end":{"line":41,"column":49}},{"start":{"line":41,"column":33},"end":{"line":41,"column":46}}]},"11":{"loc":{"start":{"line":41,"column":49},"end":{"line":41,"column":null}},"type":"cond-expr","locations":[{"start":{"line":41,"column":56},"end":{"line":41,"column":null}},{"start":{"line":41,"column":56},"end":{"line":41,"column":null}}]},"12":{"loc":{"start":{"line":41,"column":49},"end":{"line":41,"column":56}},"type":"binary-expr","locations":[{"start":{"line":41,"column":49},"end":{"line":41,"column":null}},{"start":{"line":41,"column":49},"end":{"line":41,"column":56}}]},"13":{"loc":{"start":{"line":75,"column":93},"end":{"line":75,"column":null}},"type":"cond-expr","locations":[{"start":{"line":75,"column":100},"end":{"line":75,"column":null}},{"start":{"line":75,"column":100},"end":{"line":75,"column":null}}]},"14":{"loc":{"start":{"line":75,"column":93},"end":{"line":75,"column":100}},"type":"binary-expr","locations":[{"start":{"line":75,"column":93},"end":{"line":75,"column":null}},{"start":{"line":75,"column":93},"end":{"line":75,"column":100}}]},"15":{"loc":{"start":{"line":103,"column":5},"end":{"line":103,"column":null}},"type":"cond-expr","locations":[{"start":{"line":103,"column":12},"end":{"line":103,"column":null}},{"start":{"line":103,"column":12},"end":{"line":103,"column":null}}]},"16":{"loc":{"start":{"line":103,"column":5},"end":{"line":103,"column":12}},"type":"binary-expr","locations":[{"start":{"line":103,"column":5},"end":{"line":103,"column":null}},{"start":{"line":103,"column":5},"end":{"line":103,"column":12}}]},"17":{"loc":{"start":{"line":23,"column":25},"end":{"line":23,"column":null}},"type":"cond-expr","locations":[{"start":{"line":23,"column":36},"end":{"line":23,"column":null}},{"start":{"line":23,"column":36},"end":{"line":23,"column":null}}]},"18":{"loc":{"start":{"line":23,"column":25},"end":{"line":23,"column":36}},"type":"binary-expr","locations":[{"start":{"line":23,"column":25},"end":{"line":23,"column":null}},{"start":{"line":23,"column":25},"end":{"line":23,"column":36}}]},"19":{"loc":{"start":{"line":23,"column":36},"end":{"line":24,"column":null}},"type":"cond-expr","locations":[{"start":{"line":24,"column":36},"end":{"line":24,"column":null}},{"start":{"line":24,"column":36},"end":{"line":24,"column":null}}]},"20":{"loc":{"start":{"line":23,"column":36},"end":{"line":24,"column":36}},"type":"binary-expr","locations":[{"start":{"line":23,"column":36},"end":{"line":24,"column":null}},{"start":{"line":24,"column":25},"end":{"line":24,"column":36}}]},"21":{"loc":{"start":{"line":24,"column":36},"end":{"line":25,"column":null}},"type":"cond-expr","locations":[{"start":{"line":25,"column":44},"end":{"line":25,"column":null}},{"start":{"line":25,"column":44},"end":{"line":25,"column":null}}]},"22":{"loc":{"start":{"line":24,"column":36},"end":{"line":25,"column":44}},"type":"binary-expr","locations":[{"start":{"line":24,"column":36},"end":{"line":25,"column":null}},{"start":{"line":25,"column":27},"end":{"line":25,"column":44}}]},"23":{"loc":{"start":{"line":25,"column":44},"end":{"line":26,"column":null}},"type":"cond-expr","locations":[{"start":{"line":26,"column":38},"end":{"line":26,"column":null}},{"start":{"line":26,"column":38},"end":{"line":26,"column":null}}]},"24":{"loc":{"start":{"line":25,"column":44},"end":{"line":26,"column":38}},"type":"binary-expr","locations":[{"start":{"line":25,"column":44},"end":{"line":26,"column":null}},{"start":{"line":26,"column":26},"end":{"line":26,"column":38}}]}},"s":{"0":2,"1":2,"2":2,"3":2,"4":2,"5":2,"6":2,"7":2,"8":2,"9":2,"10":2,"11":2,"12":2,"13":2,"14":2,"15":2,"16":2,"17":1,"18":3,"19":2,"20":0,"21":0,"22":0,"23":0,"24":0,"25":0,"26":0,"27":0,"28":0,"29":2,"30":2,"31":2,"32":2,"33":0,"34":0,"35":0,"36":0,"37":0,"38":0,"39":0,"40":0,"41":0,"42":0,"43":2,"44":2,"45":2,"46":2,"47":2,"48":2,"49":2,"50":4,"51":2,"52":2,"53":2,"54":2,"55":2,"56":2,"57":2,"58":2,"59":2},"f":{"0":2,"1":1,"2":3,"3":0,"4":0,"5":2,"6":0,"7":0,"8":0,"9":2,"10":2,"11":4},"b":{"0":[0,0],"1":[2,2],"2":[2,2],"3":[4,0],"4":[4,0],"5":[4,0],"6":[4,4],"7":[4,0],"8":[4,0],"9":[2,0],"10":[2,2],"11":[2,0],"12":[2,2],"13":[2,0],"14":[2,2],"15":[2,0],"16":[2,2],"17":[2,0],"18":[2,2],"19":[2,0],"20":[2,2],"21":[2,0],"22":[2,2],"23":[2,0],"24":[2,2]}}
,"D:\\Projects\\BikeCheck\\apps\\backend\\src\\auth\\auth.module.ts": {"path":"D:\\Projects\\BikeCheck\\apps\\backend\\src\\auth\\auth.module.ts","statementMap":{"0":{"start":{"line":1,"column":0},"end":{"line":1,"column":40}},"1":{"start":{"line":2,"column":0},"end":{"line":2,"column":45}},"2":{"start":{"line":3,"column":0},"end":{"line":3,"column":49}},"3":{"start":{"line":4,"column":0},"end":{"line":4,"column":50}},"4":{"start":{"line":5,"column":0},"end":{"line":5,"column":58}},"5":{"start":{"line":6,"column":0},"end":{"line":6,"column":54}},"6":{"start":{"line":7,"column":0},"end":{"line":7,"column":60}},"7":{"start":{"line":8,"column":0},"end":{"line":8,"column":40}},"8":{"start":{"line":9,"column":0},"end":{"line":9,"column":51}},"9":{"start":{"line":10,"column":0},"end":{"line":10,"column":73}},"10":{"start":{"line":11,"column":0},"end":{"line":11,"column":57}},"11":{"start":{"line":12,"column":0},"end":{"line":12,"column":47}},"12":{"start":{"line":13,"column":0},"end":{"line":13,"column":44}},"13":{"start":{"line":28,"column":7},"end":{"line":28,"column":null}},"14":{"start":{"line":28,"column":13},"end":{"line":28,"column":23}},"15":{"start":{"line":28,"column":13},"end":{"line":28,"column":null}}},"fnMap":{},"branchMap":{},"s":{"0":2,"1":2,"2":2,"3":2,"4":2,"5":2,"6":2,"7":2,"8":2,"9":2,"10":2,"11":2,"12":2,"13":2,"14":2,"15":2},"f":{},"b":{}}
,"D:\\Projects\\BikeCheck\\apps\\backend\\src\\auth\\auth.service.ts": {"path":"D:\\Projects\\BikeCheck\\apps\\backend\\src\\auth\\auth.service.ts","statementMap":{"0":{"start":{"line":1,"column":0},"end":{"line":1,"column":67}},"1":{"start":{"line":2,"column":0},"end":{"line":2,"column":59}},"2":{"start":{"line":3,"column":0},"end":{"line":3,"column":51}},"3":{"start":{"line":4,"column":0},"end":{"line":4,"column":33}},"4":{"start":{"line":6,"column":0},"end":{"line":6,"column":81}},"5":{"start":{"line":9,"column":7},"end":{"line":47,"column":null}},"6":{"start":{"line":11,"column":12},"end":{"line":11,"column":25}},"7":{"start":{"line":12,"column":12},"end":{"line":12,"column":36}},"8":{"start":{"line":13,"column":57},"end":{"line":13,"column":65}},"9":{"start":{"line":17,"column":17},"end":{"line":17,"column":61}},"10":{"start":{"line":18,"column":4},"end":{"line":21,"column":5}},"11":{"start":{"line":19,"column":6},"end":{"line":19,"column":52}},"12":{"start":{"line":20,"column":6},"end":{"line":20,"column":18}},"13":{"start":{"line":23,"column":4},"end":{"line":32,"column":5}},"14":{"start":{"line":24,"column":22},"end":{"line":24,"column":72}},"15":{"start":{"line":25,"column":6},"end":{"line":28,"column":7}},"16":{"start":{"line":26,"column":8},"end":{"line":26,"column":64}},"17":{"start":{"line":27,"column":8},"end":{"line":27,"column":20}},"18":{"start":{"line":30,"column":6},"end":{"line":30,"column":74}},"19":{"start":{"line":31,"column":6},"end":{"line":31,"column":18}},"20":{"start":{"line":34,"column":4},"end":{"line":37,"column":5}},"21":{"start":{"line":35,"column":6},"end":{"line":35,"column":91}},"22":{"start":{"line":36,"column":6},"end":{"line":36,"column":112}},"23":{"start":{"line":39,"column":4},"end":{"line":39,"column":86}},"24":{"start":{"line":40,"column":4},"end":{"line":40,"column":16}},"25":{"start":{"line":43,"column":4},"end":{"line":43,"column":31}},"26":{"start":{"line":43,"column":24},"end":{"line":43,"column":31}},"27":{"start":{"line":44,"column":4},"end":{"line":44,"column":65}},"28":{"start":{"line":45,"column":4},"end":{"line":45,"column":38}},"29":{"start":{"line":9,"column":13},"end":{"line":9,"column":24}},"30":{"start":{"line":9,"column":13},"end":{"line":47,"column":null}}},"fnMap":{"0":{"name":"(anonymous_13)","decl":{"start":{"line":10,"column":2},"end":{"line":10,"column":null}},"loc":{"start":{"line":13,"column":75},"end":{"line":14,"column":6}}},"1":{"name":"(anonymous_14)","decl":{"start":{"line":16,"column":2},"end":{"line":16,"column":7}},"loc":{"start":{"line":16,"column":54},"end":{"line":41,"column":3}}},"2":{"name":"(anonymous_15)","decl":{"start":{"line":42,"column":2},"end":{"line":42,"column":7}},"loc":{"start":{"line":42,"column":36},"end":{"line":46,"column":3}}}},"branchMap":{"0":{"loc":{"start":{"line":18,"column":4},"end":{"line":21,"column":5}},"type":"if","locations":[{"start":{"line":18,"column":4},"end":{"line":21,"column":5}},{"start":{},"end":{}}]},"1":{"loc":{"start":{"line":23,"column":4},"end":{"line":32,"column":5}},"type":"if","locations":[{"start":{"line":23,"column":4},"end":{"line":32,"column":5}},{"start":{},"end":{}}]},"2":{"loc":{"start":{"line":25,"column":6},"end":{"line":28,"column":7}},"type":"if","locations":[{"start":{"line":25,"column":6},"end":{"line":28,"column":7}},{"start":{},"end":{}}]},"3":{"loc":{"start":{"line":34,"column":4},"end":{"line":37,"column":5}},"type":"if","locations":[{"start":{"line":34,"column":4},"end":{"line":37,"column":5}},{"start":{},"end":{}}]},"4":{"loc":{"start":{"line":34,"column":8},"end":{"line":34,"column":45}},"type":"binary-expr","locations":[{"start":{"line":34,"column":8},"end":{"line":34,"column":21}},{"start":{"line":34,"column":25},"end":{"line":34,"column":45}}]},"5":{"loc":{"start":{"line":43,"column":4},"end":{"line":43,"column":31}},"type":"if","locations":[{"start":{"line":43,"column":4},"end":{"line":43,"column":31}},{"start":{},"end":{}}]},"6":{"loc":{"start":{"line":11,"column":25},"end":{"line":11,"column":null}},"type":"cond-expr","locations":[{"start":{"line":11,"column":36},"end":{"line":11,"column":null}},{"start":{"line":11,"column":36},"end":{"line":11,"column":null}}]},"7":{"loc":{"start":{"line":11,"column":25},"end":{"line":11,"column":36}},"type":"binary-expr","locations":[{"start":{"line":11,"column":25},"end":{"line":11,"column":null}},{"start":{"line":11,"column":25},"end":{"line":11,"column":36}}]},"8":{"loc":{"start":{"line":11,"column":36},"end":{"line":12,"column":null}},"type":"cond-expr","locations":[{"start":{"line":12,"column":58},"end":{"line":12,"column":null}},{"start":{"line":12,"column":58},"end":{"line":12,"column":null}}]},"9":{"loc":{"start":{"line":11,"column":36},"end":{"line":12,"column":58}},"type":"binary-expr","locations":[{"start":{"line":11,"column":36},"end":{"line":12,"column":null}},{"start":{"line":12,"column":36},"end":{"line":12,"column":58}}]},"10":{"loc":{"start":{"line":12,"column":58},"end":{"line":13,"column":null}},"type":"cond-expr","locations":[{"start":{"line":13,"column":75},"end":{"line":13,"column":null}},{"start":{"line":13,"column":75},"end":{"line":13,"column":null}}]},"11":{"loc":{"start":{"line":12,"column":58},"end":{"line":13,"column":75}},"type":"binary-expr","locations":[{"start":{"line":12,"column":58},"end":{"line":13,"column":null}},{"start":{"line":13,"column":65},"end":{"line":13,"column":75}}]}},"s":{"0":3,"1":3,"2":3,"3":3,"4":3,"5":3,"6":6,"7":6,"8":6,"9":5,"10":5,"11":1,"12":1,"13":4,"14":3,"15":3,"16":3,"17":3,"18":0,"19":0,"20":1,"21":1,"22":1,"23":0,"24":0,"25":1,"26":0,"27":1,"28":1,"29":3,"30":3},"f":{"0":6,"1":5,"2":1},"b":{"0":[1,4],"1":[3,1],"2":[3,0],"3":[1,0],"4":[1,1],"5":[0,1],"6":[3,0],"7":[3,3],"8":[3,0],"9":[3,3],"10":[3,0],"11":[3,3]}}
,"D:\\Projects\\BikeCheck\\apps\\backend\\src\\auth\\googleAuth.service.ts": {"path":"D:\\Projects\\BikeCheck\\apps\\backend\\src\\auth\\googleAuth.service.ts","statementMap":{"0":{"start":{"line":1,"column":0},"end":{"line":1,"column":44}},"1":{"start":{"line":4,"column":0},"end":{"line":4,"column":51}},"2":{"start":{"line":12,"column":7},"end":{"line":36,"column":null}},"3":{"start":{"line":13,"column":22},"end":{"line":13,"column":35}},"4":{"start":{"line":17,"column":23},"end":{"line":17,"column":77}},"5":{"start":{"line":18,"column":4},"end":{"line":20,"column":5}},"6":{"start":{"line":19,"column":6},"end":{"line":19,"column":52}},"7":{"start":{"line":23,"column":22},"end":{"line":23,"column":70}},"8":{"start":{"line":24,"column":4},"end":{"line":30,"column":5}},"9":{"start":{"line":25,"column":26},"end":{"line":28,"column":8}},"10":{"start":{"line":29,"column":6},"end":{"line":29,"column":53}},"11":{"start":{"line":33,"column":20},"end":{"line":33,"column":66}},"12":{"start":{"line":34,"column":4},"end":{"line":34,"column":46}},"13":{"start":{"line":12,"column":13},"end":{"line":12,"column":30}},"14":{"start":{"line":12,"column":13},"end":{"line":36,"column":null}}},"fnMap":{"0":{"name":"(anonymous_2)","decl":{"start":{"line":13,"column":2},"end":{"line":13,"column":22}},"loc":{"start":{"line":13,"column":46},"end":{"line":13,"column":50}}},"1":{"name":"(anonymous_3)","decl":{"start":{"line":15,"column":2},"end":{"line":15,"column":7}},"loc":{"start":{"line":15,"column":39},"end":{"line":35,"column":3}}}},"branchMap":{"0":{"loc":{"start":{"line":18,"column":4},"end":{"line":20,"column":5}},"type":"if","locations":[{"start":{"line":18,"column":4},"end":{"line":20,"column":5}},{"start":{},"end":{}}]},"1":{"loc":{"start":{"line":24,"column":4},"end":{"line":30,"column":5}},"type":"if","locations":[{"start":{"line":24,"column":4},"end":{"line":30,"column":5}},{"start":{},"end":{}}]},"2":{"loc":{"start":{"line":24,"column":8},"end":{"line":24,"column":111}},"type":"binary-expr","locations":[{"start":{"line":24,"column":8},"end":{"line":24,"column":17}},{"start":{"line":24,"column":21},"end":{"line":24,"column":56}},{"start":{"line":24,"column":60},"end":{"line":24,"column":90}},{"start":{"line":24,"column":94},"end":{"line":24,"column":111}}]},"3":{"loc":{"start":{"line":13,"column":35},"end":{"line":13,"column":49}},"type":"cond-expr","locations":[{"start":{"line":13,"column":46},"end":{"line":13,"column":49}},{"start":{"line":13,"column":46},"end":{"line":13,"column":49}}]},"4":{"loc":{"start":{"line":13,"column":35},"end":{"line":13,"column":46}},"type":"binary-expr","locations":[{"start":{"line":13,"column":35},"end":{"line":13,"column":49}},{"start":{"line":13,"column":35},"end":{"line":13,"column":46}}]}},"s":{"0":2,"1":2,"2":2,"3":2,"4":0,"5":0,"6":0,"7":0,"8":0,"9":0,"10":0,"11":0,"12":0,"13":2,"14":2},"f":{"0":2,"1":0},"b":{"0":[0,0],"1":[0,0],"2":[0,0,0,0],"3":[2,0],"4":[2,2]}}
,"D:\\Projects\\BikeCheck\\apps\\backend\\src\\auth\\token.service.ts": {"path":"D:\\Projects\\BikeCheck\\apps\\backend\\src\\auth\\token.service.ts","statementMap":{"0":{"start":{"line":1,"column":0},"end":{"line":1,"column":67}},"1":{"start":{"line":2,"column":0},"end":{"line":2,"column":59}},"2":{"start":{"line":4,"column":0},"end":{"line":4,"column":81}},"3":{"start":{"line":5,"column":0},"end":{"line":5,"column":37}},"4":{"start":{"line":6,"column":0},"end":{"line":6,"column":41}},"5":{"start":{"line":7,"column":0},"end":{"line":7,"column":51}},"6":{"start":{"line":8,"column":0},"end":{"line":8,"column":44}},"7":{"start":{"line":11,"column":7},"end":{"line":97,"column":null}},"8":{"start":{"line":13,"column":12},"end":{"line":13,"column":36}},"9":{"start":{"line":14,"column":12},"end":{"line":14,"column":24}},"10":{"start":{"line":15,"column":12},"end":{"line":15,"column":25}},"11":{"start":{"line":16,"column":58},"end":{"line":16,"column":66}},"12":{"start":{"line":28,"column":29},"end":{"line":28,"column":95}},"13":{"start":{"line":29,"column":4},"end":{"line":32,"column":5}},"14":{"start":{"line":30,"column":6},"end":{"line":30,"column":44}},"15":{"start":{"line":31,"column":6},"end":{"line":31,"column":57}},"16":{"start":{"line":34,"column":17},"end":{"line":34,"column":77}},"17":{"start":{"line":35,"column":4},"end":{"line":35,"column":65}},"18":{"start":{"line":35,"column":15},"end":{"line":35,"column":65}},"19":{"start":{"line":39,"column":4},"end":{"line":43,"column":5}},"20":{"start":{"line":40,"column":6},"end":{"line":40,"column":73}},"21":{"start":{"line":41,"column":6},"end":{"line":41,"column":40}},"22":{"start":{"line":42,"column":6},"end":{"line":42,"column":57}},"23":{"start":{"line":44,"column":24},"end":{"line":44,"column":54}},"24":{"start":{"line":46,"column":4},"end":{"line":59,"column":5}},"25":{"start":{"line":48,"column":42},"end":{"line":48,"column":69}},"26":{"start":{"line":49,"column":6},"end":{"line":56,"column":8}},"27":{"start":{"line":57,"column":6},"end":{"line":57,"column":60}},"28":{"start":{"line":58,"column":6},"end":{"line":58,"column":43}},"29":{"start":{"line":62,"column":4},"end":{"line":62,"column":46}},"30":{"start":{"line":63,"column":4},"end":{"line":63,"column":62}},"31":{"start":{"line":71,"column":40},"end":{"line":71,"column":67}},"32":{"start":{"line":72,"column":4},"end":{"line":72,"column":95}},"33":{"start":{"line":73,"column":24},"end":{"line":73,"column":54}},"34":{"start":{"line":74,"column":4},"end":{"line":74,"column":41}},"35":{"start":{"line":80,"column":20},"end":{"line":80,"column":55}},"36":{"start":{"line":81,"column":24},"end":{"line":81,"column":96}},"37":{"start":{"line":82,"column":4},"end":{"line":82,"column":23}},"38":{"start":{"line":86,"column":25},"end":{"line":86,"column":56}},"39":{"start":{"line":87,"column":22},"end":{"line":87,"column":108}},"40":{"start":{"line":88,"column":4},"end":{"line":88,"column":39}},"41":{"start":{"line":92,"column":21},"end":{"line":92,"column":64}},"42":{"start":{"line":93,"column":22},"end":{"line":93,"column":47}},"43":{"start":{"line":94,"column":4},"end":{"line":95,"column":21}},"44":{"start":{"line":94,"column":24},"end":{"line":94,"column":37}},"45":{"start":{"line":95,"column":9},"end":{"line":95,"column":21}},"46":{"start":{"line":11,"column":13},"end":{"line":11,"column":25}},"47":{"start":{"line":11,"column":13},"end":{"line":97,"column":null}}},"fnMap":{"0":{"name":"(anonymous_4)","decl":{"start":{"line":12,"column":2},"end":{"line":12,"column":null}},"loc":{"start":{"line":16,"column":76},"end":{"line":17,"column":6}}},"1":{"name":"(anonymous_5)","decl":{"start":{"line":21,"column":2},"end":{"line":21,"column":7}},"loc":{"start":{"line":24,"column":14},"end":{"line":64,"column":3}}},"2":{"name":"(anonymous_6)","decl":{"start":{"line":66,"column":2},"end":{"line":66,"column":7}},"loc":{"start":{"line":69,"column":14},"end":{"line":75,"column":3}}},"3":{"name":"(anonymous_7)","decl":{"start":{"line":79,"column":10},"end":{"line":79,"column":29}},"loc":{"start":{"line":79,"column":44},"end":{"line":83,"column":3}}},"4":{"name":"(anonymous_8)","decl":{"start":{"line":85,"column":10},"end":{"line":85,"column":30}},"loc":{"start":{"line":85,"column":30},"end":{"line":89,"column":3}}},"5":{"name":"(anonymous_9)","decl":{"start":{"line":91,"column":10},"end":{"line":91,"column":31}},"loc":{"start":{"line":91,"column":48},"end":{"line":96,"column":3}}}},"branchMap":{"0":{"loc":{"start":{"line":29,"column":4},"end":{"line":32,"column":5}},"type":"if","locations":[{"start":{"line":29,"column":4},"end":{"line":32,"column":5}},{"start":{},"end":{}}]},"1":{"loc":{"start":{"line":29,"column":8},"end":{"line":29,"column":62}},"type":"binary-expr","locations":[{"start":{"line":29,"column":8},"end":{"line":29,"column":25}},{"start":{"line":29,"column":29},"end":{"line":29,"column":62}}]},"2":{"loc":{"start":{"line":35,"column":4},"end":{"line":35,"column":65}},"type":"if","locations":[{"start":{"line":35,"column":4},"end":{"line":35,"column":65}},{"start":{},"end":{}}]},"3":{"loc":{"start":{"line":39,"column":4},"end":{"line":43,"column":5}},"type":"if","locations":[{"start":{"line":39,"column":4},"end":{"line":43,"column":5}},{"start":{},"end":{}}]},"4":{"loc":{"start":{"line":46,"column":4},"end":{"line":59,"column":5}},"type":"if","locations":[{"start":{"line":46,"column":4},"end":{"line":59,"column":5}},{"start":{},"end":{}}]},"5":{"loc":{"start":{"line":94,"column":4},"end":{"line":95,"column":21}},"type":"if","locations":[{"start":{"line":94,"column":4},"end":{"line":95,"column":21}},{"start":{"line":95,"column":9},"end":{"line":95,"column":21}}]},"6":{"loc":{"start":{"line":13,"column":36},"end":{"line":13,"column":null}},"type":"cond-expr","locations":[{"start":{"line":13,"column":58},"end":{"line":13,"column":null}},{"start":{"line":13,"column":58},"end":{"line":13,"column":null}}]},"7":{"loc":{"start":{"line":13,"column":36},"end":{"line":13,"column":58}},"type":"binary-expr","locations":[{"start":{"line":13,"column":36},"end":{"line":13,"column":null}},{"start":{"line":13,"column":36},"end":{"line":13,"column":58}}]},"8":{"loc":{"start":{"line":13,"column":58},"end":{"line":14,"column":null}},"type":"cond-expr","locations":[{"start":{"line":14,"column":34},"end":{"line":14,"column":null}},{"start":{"line":14,"column":34},"end":{"line":14,"column":null}}]},"9":{"loc":{"start":{"line":13,"column":58},"end":{"line":14,"column":34}},"type":"binary-expr","locations":[{"start":{"line":13,"column":58},"end":{"line":14,"column":null}},{"start":{"line":14,"column":24},"end":{"line":14,"column":34}}]},"10":{"loc":{"start":{"line":14,"column":34},"end":{"line":15,"column":null}},"type":"cond-expr","locations":[{"start":{"line":15,"column":36},"end":{"line":15,"column":null}},{"start":{"line":15,"column":36},"end":{"line":15,"column":null}}]},"11":{"loc":{"start":{"line":14,"column":34},"end":{"line":15,"column":36}},"type":"binary-expr","locations":[{"start":{"line":14,"column":34},"end":{"line":15,"column":null}},{"start":{"line":15,"column":25},"end":{"line":15,"column":36}}]},"12":{"loc":{"start":{"line":15,"column":36},"end":{"line":16,"column":null}},"type":"cond-expr","locations":[{"start":{"line":16,"column":76},"end":{"line":16,"column":null}},{"start":{"line":16,"column":76},"end":{"line":16,"column":null}}]},"13":{"loc":{"start":{"line":15,"column":36},"end":{"line":16,"column":76}},"type":"binary-expr","locations":[{"start":{"line":15,"column":36},"end":{"line":16,"column":null}},{"start":{"line":16,"column":66},"end":{"line":16,"column":76}}]}},"s":{"0":3,"1":3,"2":3,"3":3,"4":3,"5":3,"6":3,"7":3,"8":8,"9":8,"10":8,"11":8,"12":5,"13":5,"14":1,"15":1,"16":4,"17":4,"18":1,"19":3,"20":1,"21":1,"22":1,"23":2,"24":2,"25":1,"26":1,"27":1,"28":1,"29":1,"30":1,"31":3,"32":3,"33":3,"34":3,"35":5,"36":5,"37":5,"38":4,"39":4,"40":4,"41":2,"42":2,"43":2,"44":1,"45":1,"46":3,"47":3},"f":{"0":8,"1":5,"2":3,"3":5,"4":4,"5":2},"b":{"0":[1,4],"1":[5,4],"2":[1,3],"3":[1,2],"4":[1,1],"5":[1,1],"6":[3,0],"7":[3,3],"8":[3,0],"9":[3,3],"10":[3,0],"11":[3,3],"12":[3,0],"13":[3,3]}}
,"D:\\Projects\\BikeCheck\\apps\\backend\\src\\auth\\decorators\\public.decorator.ts": {"path":"D:\\Projects\\BikeCheck\\apps\\backend\\src\\auth\\decorators\\public.decorator.ts","statementMap":{"0":{"start":{"line":1,"column":0},"end":{"line":1,"column":45}},"1":{"start":{"line":4,"column":13},"end":{"line":4,"column":40}},"2":{"start":{"line":7,"column":22},"end":{"line":7,"column":60}},"3":{"start":{"line":7,"column":28},"end":{"line":7,"column":60}},"4":{"start":{"line":7,"column":13},"end":{"line":7,"column":22}}},"fnMap":{"0":{"name":"(anonymous_0)","decl":{"start":{"line":7,"column":22},"end":{"line":7,"column":25}},"loc":{"start":{"line":7,"column":28},"end":{"line":7,"column":60}}}},"branchMap":{},"s":{"0":2,"1":2,"2":2,"3":10,"4":2},"f":{"0":10},"b":{}}
,"D:\\Projects\\BikeCheck\\apps\\backend\\src\\auth\\dto\\auth.dtos.ts": {"path":"D:\\Projects\\BikeCheck\\apps\\backend\\src\\auth\\dto\\auth.dtos.ts","statementMap":{"0":{"start":{"line":3,"column":0},"end":{"line":3,"column":46}},"1":{"start":{"line":4,"column":0},"end":{"line":4,"column":74}},"2":{"start":{"line":6,"column":0},"end":{"line":6,"column":13}},"3":{"start":{"line":9,"column":2},"end":{"line":9,"column":null}},"4":{"start":{"line":14,"column":2},"end":{"line":14,"column":null}},"5":{"start":{"line":17,"column":0},"end":{"line":17,"column":13}},"6":{"start":{"line":20,"column":2},"end":{"line":20,"column":null}},"7":{"start":{"line":24,"column":2},"end":{"line":24,"column":null}},"8":{"start":{"line":28,"column":2},"end":{"line":28,"column":null}},"9":{"start":{"line":31,"column":2},"end":{"line":31,"column":null}},"10":{"start":{"line":35,"column":2},"end":{"line":35,"column":null}}},"fnMap":{},"branchMap":{},"s":{"0":2,"1":2,"2":2,"3":2,"4":2,"5":2,"6":2,"7":2,"8":2,"9":2,"10":2},"f":{},"b":{}}
,"D:\\Projects\\BikeCheck\\apps\\backend\\src\\auth\\guards\\google-auth.guard.ts": {"path":"D:\\Projects\\BikeCheck\\apps\\backend\\src\\auth\\guards\\google-auth.guard.ts","statementMap":{"0":{"start":{"line":1,"column":0},"end":{"line":1,"column":44}},"1":{"start":{"line":2,"column":0},"end":{"line":2,"column":45}},"2":{"start":{"line":5,"column":7},"end":{"line":5,"column":null}},"3":{"start":{"line":5,"column":13},"end":{"line":5,"column":28}},"4":{"start":{"line":5,"column":13},"end":{"line":5,"column":null}}},"fnMap":{},"branchMap":{},"s":{"0":2,"1":2,"2":2,"3":2,"4":2},"f":{},"b":{}}
,"D:\\Projects\\BikeCheck\\apps\\backend\\src\\auth\\guards\\jwt-auth.guard.ts": {"path":"D:\\Projects\\BikeCheck\\apps\\backend\\src\\auth\\guards\\jwt-auth.guard.ts","statementMap":{"0":{"start":{"line":1,"column":0},"end":{"line":1,"column":62}},"1":{"start":{"line":2,"column":0},"end":{"line":2,"column":68}},"2":{"start":{"line":3,"column":0},"end":{"line":3,"column":45}},"3":{"start":{"line":4,"column":0},"end":{"line":4,"column":63}},"4":{"start":{"line":7,"column":7},"end":{"line":27,"column":null}},"5":{"start":{"line":9,"column":4},"end":{"line":9,"column":12}},"6":{"start":{"line":8,"column":22},"end":{"line":8,"column":33}},"7":{"start":{"line":14,"column":21},"end":{"line":17,"column":6}},"8":{"start":{"line":20,"column":4},"end":{"line":22,"column":5}},"9":{"start":{"line":21,"column":6},"end":{"line":21,"column":18}},"10":{"start":{"line":25,"column":4},"end":{"line":25,"column":38}},"11":{"start":{"line":7,"column":13},"end":{"line":7,"column":25}},"12":{"start":{"line":7,"column":13},"end":{"line":27,"column":null}}},"fnMap":{"0":{"name":"(anonymous_2)","decl":{"start":{"line":8,"column":2},"end":{"line":8,"column":22}},"loc":{"start":{"line":8,"column":42},"end":{"line":10,"column":3}}},"1":{"name":"(anonymous_3)","decl":{"start":{"line":12,"column":2},"end":{"line":12,"column":13}},"loc":{"start":{"line":12,"column":39},"end":{"line":26,"column":3}}}},"branchMap":{"0":{"loc":{"start":{"line":20,"column":4},"end":{"line":22,"column":5}},"type":"if","locations":[{"start":{"line":20,"column":4},"end":{"line":22,"column":5}},{"start":{},"end":{}}]},"1":{"loc":{"start":{"line":8,"column":33},"end":{"line":8,"column":null}},"type":"cond-expr","locations":[{"start":{"line":8,"column":42},"end":{"line":8,"column":null}},{"start":{"line":8,"column":42},"end":{"line":8,"column":null}}]},"2":{"loc":{"start":{"line":8,"column":33},"end":{"line":8,"column":42}},"type":"binary-expr","locations":[{"start":{"line":8,"column":33},"end":{"line":8,"column":null}},{"start":{"line":8,"column":33},"end":{"line":8,"column":42}}]}},"s":{"0":2,"1":2,"2":2,"3":2,"4":2,"5":2,"6":2,"7":8,"8":8,"9":6,"10":2,"11":2,"12":2},"f":{"0":2,"1":8},"b":{"0":[6,2],"1":[2,0],"2":[2,2]}}
,"D:\\Projects\\BikeCheck\\apps\\backend\\src\\auth\\guards\\local-auth.guard.ts": {"path":"D:\\Projects\\BikeCheck\\apps\\backend\\src\\auth\\guards\\local-auth.guard.ts","statementMap":{"0":{"start":{"line":1,"column":0},"end":{"line":1,"column":44}},"1":{"start":{"line":2,"column":0},"end":{"line":2,"column":45}},"2":{"start":{"line":5,"column":7},"end":{"line":5,"column":null}},"3":{"start":{"line":5,"column":13},"end":{"line":5,"column":27}},"4":{"start":{"line":5,"column":13},"end":{"line":5,"column":null}}},"fnMap":{},"branchMap":{},"s":{"0":2,"1":2,"2":2,"3":2,"4":2},"f":{},"b":{}}
,"D:\\Projects\\BikeCheck\\apps\\backend\\src\\auth\\strategy\\google.strategy.ts": {"path":"D:\\Projects\\BikeCheck\\apps\\backend\\src\\auth\\strategy\\google.strategy.ts","statementMap":{"0":{"start":{"line":1,"column":0},"end":{"line":1,"column":52}},"1":{"start":{"line":2,"column":0},"end":{"line":2,"column":67}},"2":{"start":{"line":3,"column":0},"end":{"line":3,"column":44}},"3":{"start":{"line":4,"column":0},"end":{"line":4,"column":23}},"4":{"start":{"line":7,"column":7},"end":{"line":31,"column":null}},"5":{"start":{"line":9,"column":4},"end":{"line":14,"column":7}},"6":{"start":{"line":18,"column":41},"end":{"line":18,"column":48}},"7":{"start":{"line":19,"column":17},"end":{"line":27,"column":6}},"8":{"start":{"line":29,"column":4},"end":{"line":29,"column":21}},"9":{"start":{"line":7,"column":13},"end":{"line":7,"column":27}},"10":{"start":{"line":7,"column":13},"end":{"line":31,"column":null}}},"fnMap":{"0":{"name":"(anonymous_2)","decl":{"start":{"line":8,"column":2},"end":{"line":8,"column":null}},"loc":{"start":{"line":8,"column":2},"end":{"line":15,"column":3}}},"1":{"name":"(anonymous_3)","decl":{"start":{"line":17,"column":2},"end":{"line":17,"column":10}},"loc":{"start":{"line":17,"column":89},"end":{"line":30,"column":3}}}},"branchMap":{},"s":{"0":2,"1":2,"2":2,"3":2,"4":2,"5":2,"6":0,"7":0,"8":0,"9":2,"10":2},"f":{"0":2,"1":0},"b":{}}
,"D:\\Projects\\BikeCheck\\apps\\backend\\src\\auth\\strategy\\jwt.strategy.ts": {"path":"D:\\Projects\\BikeCheck\\apps\\backend\\src\\auth\\strategy\\jwt.strategy.ts","statementMap":{"0":{"start":{"line":1,"column":0},"end":{"line":1,"column":52}},"1":{"start":{"line":2,"column":0},"end":{"line":2,"column":52}},"2":{"start":{"line":3,"column":0},"end":{"line":3,"column":44}},"3":{"start":{"line":5,"column":20},"end":{"line":5,"column":45}},"4":{"start":{"line":8,"column":7},"end":{"line":23,"column":null}},"5":{"start":{"line":10,"column":4},"end":{"line":12,"column":5}},"6":{"start":{"line":11,"column":6},"end":{"line":11,"column":72}},"7":{"start":{"line":13,"column":4},"end":{"line":17,"column":7}},"8":{"start":{"line":21,"column":4},"end":{"line":21,"column":57}},"9":{"start":{"line":8,"column":13},"end":{"line":8,"column":24}},"10":{"start":{"line":8,"column":13},"end":{"line":23,"column":null}}},"fnMap":{"0":{"name":"(anonymous_2)","decl":{"start":{"line":9,"column":2},"end":{"line":9,"column":null}},"loc":{"start":{"line":9,"column":2},"end":{"line":18,"column":3}}},"1":{"name":"(anonymous_3)","decl":{"start":{"line":20,"column":2},"end":{"line":20,"column":10}},"loc":{"start":{"line":20,"column":23},"end":{"line":22,"column":3}}}},"branchMap":{"0":{"loc":{"start":{"line":10,"column":4},"end":{"line":12,"column":5}},"type":"if","locations":[{"start":{"line":10,"column":4},"end":{"line":12,"column":5}},{"start":{},"end":{}}]}},"s":{"0":2,"1":2,"2":2,"3":2,"4":2,"5":2,"6":0,"7":2,"8":2,"9":2,"10":2},"f":{"0":2,"1":2},"b":{"0":[0,2]}}
,"D:\\Projects\\BikeCheck\\apps\\backend\\src\\auth\\strategy\\local.strategy.ts": {"path":"D:\\Projects\\BikeCheck\\apps\\backend\\src\\auth\\strategy\\local.strategy.ts","statementMap":{"0":{"start":{"line":1,"column":0},"end":{"line":1,"column":42}},"1":{"start":{"line":2,"column":0},"end":{"line":2,"column":52}},"2":{"start":{"line":3,"column":0},"end":{"line":3,"column":67}},"3":{"start":{"line":4,"column":0},"end":{"line":4,"column":46}},"4":{"start":{"line":7,"column":7},"end":{"line":19,"column":null}},"5":{"start":{"line":9,"column":4},"end":{"line":9,"column":38}},"6":{"start":{"line":8,"column":22},"end":{"line":8,"column":35}},"7":{"start":{"line":13,"column":17},"end":{"line":13,"column":71}},"8":{"start":{"line":14,"column":4},"end":{"line":16,"column":5}},"9":{"start":{"line":15,"column":6},"end":{"line":15,"column":67}},"10":{"start":{"line":17,"column":4},"end":{"line":17,"column":16}},"11":{"start":{"line":7,"column":13},"end":{"line":7,"column":26}},"12":{"start":{"line":7,"column":13},"end":{"line":19,"column":null}}},"fnMap":{"0":{"name":"(anonymous_2)","decl":{"start":{"line":8,"column":2},"end":{"line":8,"column":22}},"loc":{"start":{"line":8,"column":46},"end":{"line":10,"column":3}}},"1":{"name":"(anonymous_3)","decl":{"start":{"line":12,"column":2},"end":{"line":12,"column":7}},"loc":{"start":{"line":12,"column":48},"end":{"line":18,"column":3}}}},"branchMap":{"0":{"loc":{"start":{"line":14,"column":4},"end":{"line":16,"column":5}},"type":"if","locations":[{"start":{"line":14,"column":4},"end":{"line":16,"column":5}},{"start":{},"end":{}}]},"1":{"loc":{"start":{"line":8,"column":35},"end":{"line":8,"column":null}},"type":"cond-expr","locations":[{"start":{"line":8,"column":46},"end":{"line":8,"column":null}},{"start":{"line":8,"column":46},"end":{"line":8,"column":null}}]},"2":{"loc":{"start":{"line":8,"column":35},"end":{"line":8,"column":46}},"type":"binary-expr","locations":[{"start":{"line":8,"column":35},"end":{"line":8,"column":null}},{"start":{"line":8,"column":35},"end":{"line":8,"column":46}}]}},"s":{"0":2,"1":2,"2":2,"3":2,"4":2,"5":2,"6":2,"7":2,"8":2,"9":0,"10":2,"11":2,"12":2},"f":{"0":2,"1":2},"b":{"0":[0,2],"1":[2,0],"2":[2,2]}}
,"D:\\Projects\\BikeCheck\\apps\\backend\\src\\bike\\bike.controller.ts": {"path":"D:\\Projects\\BikeCheck\\apps\\backend\\src\\bike\\bike.controller.ts","statementMap":{"0":{"start":{"line":1,"column":0},"end":{"line":1,"column":83}},"1":{"start":{"line":2,"column":0},"end":{"line":2,"column":45}},"2":{"start":{"line":3,"column":0},"end":{"line":3,"column":54}},"3":{"start":{"line":4,"column":0},"end":{"line":4,"column":54}},"4":{"start":{"line":5,"column":0},"end":{"line":5,"column":85}},"5":{"start":{"line":6,"column":0},"end":{"line":6,"column":58}},"6":{"start":{"line":9,"column":7},"end":{"line":47,"column":null}},"7":{"start":{"line":10,"column":31},"end":{"line":10,"column":44}},"8":{"start":{"line":15,"column":4},"end":{"line":15,"column":56}},"9":{"start":{"line":21,"column":4},"end":{"line":21,"column":38}},"10":{"start":{"line":27,"column":4},"end":{"line":27,"column":42}},"11":{"start":{"line":33,"column":4},"end":{"line":33,"column":55}},"12":{"start":{"line":39,"column":4},"end":{"line":39,"column":44}},"13":{"start":{"line":45,"column":4},"end":{"line":45,"column":44}},"14":{"start":{"line":9,"column":13},"end":{"line":9,"column":27}},"15":{"start":{"line":14,"column":8},"end":{"line":16,"column":null}},"16":{"start":{"line":20,"column":2},"end":{"line":22,"column":null}},"17":{"start":{"line":26,"column":2},"end":{"line":28,"column":null}},"18":{"start":{"line":32,"column":2},"end":{"line":34,"column":null}},"19":{"start":{"line":38,"column":2},"end":{"line":40,"column":null}},"20":{"start":{"line":44,"column":2},"end":{"line":46,"column":null}},"21":{"start":{"line":9,"column":13},"end":{"line":47,"column":null}}},"fnMap":{"0":{"name":"(anonymous_4)","decl":{"start":{"line":10,"column":2},"end":{"line":10,"column":31}},"loc":{"start":{"line":10,"column":55},"end":{"line":10,"column":59}}},"1":{"name":"(anonymous_5)","decl":{"start":{"line":14,"column":8},"end":{"line":14,"column":14}},"loc":{"start":{"line":14,"column":51},"end":{"line":16,"column":3}}},"2":{"name":"(anonymous_6)","decl":{"start":{"line":20,"column":2},"end":{"line":20,"column":9}},"loc":{"start":{"line":20,"column":9},"end":{"line":22,"column":3}}},"3":{"name":"(anonymous_7)","decl":{"start":{"line":26,"column":2},"end":{"line":26,"column":9}},"loc":{"start":{"line":26,"column":33},"end":{"line":28,"column":3}}},"4":{"name":"(anonymous_8)","decl":{"start":{"line":32,"column":2},"end":{"line":32,"column":8}},"loc":{"start":{"line":32,"column":70},"end":{"line":34,"column":3}}},"5":{"name":"(anonymous_9)","decl":{"start":{"line":38,"column":2},"end":{"line":38,"column":12}},"loc":{"start":{"line":38,"column":36},"end":{"line":40,"column":3}}},"6":{"name":"(anonymous_10)","decl":{"start":{"line":44,"column":2},"end":{"line":44,"column":12}},"loc":{"start":{"line":44,"column":36},"end":{"line":46,"column":3}}}},"branchMap":{"0":{"loc":{"start":{"line":14,"column":38},"end":{"line":14,"column":null}},"type":"cond-expr","locations":[{"start":{"line":14,"column":51},"end":{"line":14,"column":null}},{"start":{"line":14,"column":51},"end":{"line":14,"column":null}}]},"1":{"loc":{"start":{"line":14,"column":38},"end":{"line":14,"column":51}},"type":"binary-expr","locations":[{"start":{"line":14,"column":38},"end":{"line":14,"column":null}},{"start":{"line":14,"column":38},"end":{"line":14,"column":51}}]},"2":{"loc":{"start":{"line":32,"column":57},"end":{"line":32,"column":null}},"type":"cond-expr","locations":[{"start":{"line":32,"column":70},"end":{"line":32,"column":null}},{"start":{"line":32,"column":70},"end":{"line":32,"column":null}}]},"3":{"loc":{"start":{"line":32,"column":57},"end":{"line":32,"column":70}},"type":"binary-expr","locations":[{"start":{"line":32,"column":57},"end":{"line":32,"column":null}},{"start":{"line":32,"column":57},"end":{"line":32,"column":70}}]},"4":{"loc":{"start":{"line":10,"column":44},"end":{"line":10,"column":58}},"type":"cond-expr","locations":[{"start":{"line":10,"column":55},"end":{"line":10,"column":58}},{"start":{"line":10,"column":55},"end":{"line":10,"column":58}}]},"5":{"loc":{"start":{"line":10,"column":44},"end":{"line":10,"column":55}},"type":"binary-expr","locations":[{"start":{"line":10,"column":44},"end":{"line":10,"column":58}},{"start":{"line":10,"column":44},"end":{"line":10,"column":55}}]}},"s":{"0":2,"1":2,"2":2,"3":2,"4":2,"5":2,"6":2,"7":2,"8":0,"9":1,"10":0,"11":0,"12":0,"13":0,"14":2,"15":2,"16":2,"17":2,"18":2,"19":2,"20":2,"21":2},"f":{"0":2,"1":0,"2":1,"3":0,"4":0,"5":0,"6":0},"b":{"0":[2,0],"1":[2,2],"2":[2,0],"3":[2,2],"4":[2,0],"5":[2,2]}}
,"D:\\Projects\\BikeCheck\\apps\\backend\\src\\bike\\bike.module.ts": {"path":"D:\\Projects\\BikeCheck\\apps\\backend\\src\\bike\\bike.module.ts","statementMap":{"0":{"start":{"line":1,"column":0},"end":{"line":1,"column":40}},"1":{"start":{"line":2,"column":0},"end":{"line":2,"column":45}},"2":{"start":{"line":3,"column":0},"end":{"line":3,"column":51}},"3":{"start":{"line":4,"column":0},"end":{"line":4,"column":51}},"4":{"start":{"line":5,"column":0},"end":{"line":5,"column":52}},"5":{"start":{"line":6,"column":0},"end":{"line":6,"column":86}},"6":{"start":{"line":14,"column":7},"end":{"line":14,"column":null}},"7":{"start":{"line":14,"column":13},"end":{"line":14,"column":23}},"8":{"start":{"line":14,"column":13},"end":{"line":14,"column":null}}},"fnMap":{},"branchMap":{},"s":{"0":2,"1":2,"2":2,"3":2,"4":2,"5":2,"6":2,"7":2,"8":2},"f":{},"b":{}}
,"D:\\Projects\\BikeCheck\\apps\\backend\\src\\bike\\bike.repository.ts": {"path":"D:\\Projects\\BikeCheck\\apps\\backend\\src\\bike\\bike.repository.ts","statementMap":{"0":{"start":{"line":1,"column":0},"end":{"line":1,"column":44}},"1":{"start":{"line":2,"column":0},"end":{"line":2,"column":60}},"2":{"start":{"line":7,"column":7},"end":{"line":31,"column":null}},"3":{"start":{"line":8,"column":31},"end":{"line":8,"column":39}},"4":{"start":{"line":11,"column":4},"end":{"line":11,"column":46}},"5":{"start":{"line":14,"column":4},"end":{"line":14,"column":42}},"6":{"start":{"line":17,"column":4},"end":{"line":17,"column":59}},"7":{"start":{"line":20,"column":4},"end":{"line":20,"column":61}},"8":{"start":{"line":23,"column":4},"end":{"line":23,"column":55}},"9":{"start":{"line":26,"column":4},"end":{"line":29,"column":7}},"10":{"start":{"line":7,"column":13},"end":{"line":7,"column":27}},"11":{"start":{"line":7,"column":13},"end":{"line":31,"column":null}}},"fnMap":{"0":{"name":"(anonymous_2)","decl":{"start":{"line":8,"column":2},"end":{"line":8,"column":31}},"loc":{"start":{"line":8,"column":52},"end":{"line":8,"column":56}}},"1":{"name":"(anonymous_3)","decl":{"start":{"line":10,"column":2},"end":{"line":10,"column":7}},"loc":{"start":{"line":10,"column":38},"end":{"line":12,"column":3}}},"2":{"name":"(anonymous_4)","decl":{"start":{"line":13,"column":2},"end":{"line":13,"column":7}},"loc":{"start":{"line":13,"column":15},"end":{"line":15,"column":3}}},"3":{"name":"(anonymous_5)","decl":{"start":{"line":16,"column":2},"end":{"line":16,"column":7}},"loc":{"start":{"line":16,"column":27},"end":{"line":18,"column":3}}},"4":{"name":"(anonymous_6)","decl":{"start":{"line":19,"column":2},"end":{"line":19,"column":7}},"loc":{"start":{"line":19,"column":59},"end":{"line":21,"column":3}}},"5":{"name":"(anonymous_7)","decl":{"start":{"line":22,"column":2},"end":{"line":22,"column":7}},"loc":{"start":{"line":22,"column":33},"end":{"line":24,"column":3}}},"6":{"name":"(anonymous_8)","decl":{"start":{"line":25,"column":2},"end":{"line":25,"column":7}},"loc":{"start":{"line":25,"column":33},"end":{"line":30,"column":3}}}},"branchMap":{"0":{"loc":{"start":{"line":8,"column":39},"end":{"line":8,"column":55}},"type":"cond-expr","locations":[{"start":{"line":8,"column":52},"end":{"line":8,"column":55}},{"start":{"line":8,"column":52},"end":{"line":8,"column":55}}]},"1":{"loc":{"start":{"line":8,"column":39},"end":{"line":8,"column":52}},"type":"binary-expr","locations":[{"start":{"line":8,"column":39},"end":{"line":8,"column":55}},{"start":{"line":8,"column":39},"end":{"line":8,"column":52}}]}},"s":{"0":4,"1":4,"2":4,"3":3,"4":1,"5":2,"6":1,"7":1,"8":0,"9":1,"10":4,"11":4},"f":{"0":3,"1":1,"2":2,"3":1,"4":1,"5":0,"6":1},"b":{"0":[4,0],"1":[4,4]}}
,"D:\\Projects\\BikeCheck\\apps\\backend\\src\\bike\\bike.service.ts": {"path":"D:\\Projects\\BikeCheck\\apps\\backend\\src\\bike\\bike.service.ts","statementMap":{"0":{"start":{"line":1,"column":0},"end":{"line":1,"column":44}},"1":{"start":{"line":5,"column":0},"end":{"line":5,"column":51}},"2":{"start":{"line":8,"column":7},"end":{"line":34,"column":null}},"3":{"start":{"line":9,"column":31},"end":{"line":9,"column":43}},"4":{"start":{"line":12,"column":4},"end":{"line":12,"column":59}},"5":{"start":{"line":16,"column":4},"end":{"line":16,"column":43}},"6":{"start":{"line":20,"column":4},"end":{"line":20,"column":46}},"7":{"start":{"line":24,"column":4},"end":{"line":24,"column":63}},"8":{"start":{"line":28,"column":4},"end":{"line":28,"column":52}},"9":{"start":{"line":32,"column":4},"end":{"line":32,"column":52}},"10":{"start":{"line":8,"column":13},"end":{"line":8,"column":24}},"11":{"start":{"line":8,"column":13},"end":{"line":34,"column":null}}},"fnMap":{"0":{"name":"(anonymous_2)","decl":{"start":{"line":9,"column":2},"end":{"line":9,"column":31}},"loc":{"start":{"line":9,"column":57},"end":{"line":9,"column":61}}},"1":{"name":"(anonymous_3)","decl":{"start":{"line":11,"column":2},"end":{"line":11,"column":7}},"loc":{"start":{"line":11,"column":43},"end":{"line":13,"column":3}}},"2":{"name":"(anonymous_4)","decl":{"start":{"line":15,"column":2},"end":{"line":15,"column":7}},"loc":{"start":{"line":15,"column":15},"end":{"line":17,"column":3}}},"3":{"name":"(anonymous_5)","decl":{"start":{"line":19,"column":2},"end":{"line":19,"column":7}},"loc":{"start":{"line":19,"column":27},"end":{"line":21,"column":3}}},"4":{"name":"(anonymous_6)","decl":{"start":{"line":23,"column":2},"end":{"line":23,"column":7}},"loc":{"start":{"line":23,"column":55},"end":{"line":25,"column":3}}},"5":{"name":"(anonymous_7)","decl":{"start":{"line":27,"column":2},"end":{"line":27,"column":7}},"loc":{"start":{"line":27,"column":29},"end":{"line":29,"column":3}}},"6":{"name":"(anonymous_8)","decl":{"start":{"line":31,"column":2},"end":{"line":31,"column":7}},"loc":{"start":{"line":31,"column":29},"end":{"line":33,"column":3}}}},"branchMap":{"0":{"loc":{"start":{"line":9,"column":43},"end":{"line":9,"column":60}},"type":"cond-expr","locations":[{"start":{"line":9,"column":57},"end":{"line":9,"column":60}},{"start":{"line":9,"column":57},"end":{"line":9,"column":60}}]},"1":{"loc":{"start":{"line":9,"column":43},"end":{"line":9,"column":57}},"type":"binary-expr","locations":[{"start":{"line":9,"column":43},"end":{"line":9,"column":60}},{"start":{"line":9,"column":43},"end":{"line":9,"column":57}}]}},"s":{"0":3,"1":3,"2":3,"3":9,"4":1,"5":1,"6":0,"7":0,"8":0,"9":0,"10":3,"11":3},"f":{"0":9,"1":1,"2":1,"3":0,"4":0,"5":0,"6":0},"b":{"0":[3,0],"1":[3,3]}}
,"D:\\Projects\\BikeCheck\\apps\\backend\\src\\bike\\bike-data-scraper\\bike-data-scraper.service.ts": {"path":"D:\\Projects\\BikeCheck\\apps\\backend\\src\\bike\\bike-data-scraper\\bike-data-scraper.service.ts","statementMap":{"0":{"start":{"line":1,"column":0},"end":{"line":1,"column":90}},"1":{"start":{"line":2,"column":0},"end":{"line":2,"column":59}},"2":{"start":{"line":3,"column":0},"end":{"line":3,"column":63}},"3":{"start":{"line":4,"column":0},"end":{"line":4,"column":44}},"4":{"start":{"line":6,"column":0},"end":{"line":6,"column":59}},"5":{"start":{"line":9,"column":0},"end":{"line":9,"column":36}},"6":{"start":{"line":11,"column":0},"end":{"line":11,"column":30}},"7":{"start":{"line":14,"column":7},"end":{"line":154,"column":null}},"8":{"start":{"line":16,"column":4},"end":{"line":16,"column":117}},"9":{"start":{"line":19,"column":21},"end":{"line":19,"column":29}},"10":{"start":{"line":21,"column":21},"end":{"line":21,"column":29}},"11":{"start":{"line":25,"column":16},"end":{"line":25,"column":42}},"12":{"start":{"line":26,"column":22},"end":{"line":26,"column":32}},"13":{"start":{"line":28,"column":4},"end":{"line":66,"column":5}},"14":{"start":{"line":29,"column":20},"end":{"line":50,"column":8}},"15":{"start":{"line":30,"column":8},"end":{"line":30,"column":52}},"16":{"start":{"line":31,"column":8},"end":{"line":31,"column":76}},"17":{"start":{"line":33,"column":8},"end":{"line":49,"column":11}},"18":{"start":{"line":34,"column":24},"end":{"line":34,"column":83}},"19":{"start":{"line":36,"column":10},"end":{"line":48,"column":81}},"20":{"start":{"line":38,"column":29},"end":{"line":38,"column":54}},"21":{"start":{"line":39,"column":34},"end":{"line":39,"column":62}},"22":{"start":{"line":40,"column":35},"end":{"line":40,"column":62}},"23":{"start":{"line":42,"column":14},"end":{"line":46,"column":16}},"24":{"start":{"line":48,"column":30},"end":{"line":48,"column":79}},"25":{"start":{"line":52,"column":6},"end":{"line":55,"column":8}},"26":{"start":{"line":57,"column":6},"end":{"line":57,"column":19}},"27":{"start":{"line":59,"column":6},"end":{"line":59,"column":117}},"28":{"start":{"line":61,"column":6},"end":{"line":63,"column":7}},"29":{"start":{"line":62,"column":8},"end":{"line":62,"column":83}},"30":{"start":{"line":65,"column":6},"end":{"line":65,"column":88}},"31":{"start":{"line":70,"column":4},"end":{"line":98,"column":5}},"32":{"start":{"line":71,"column":29},"end":{"line":86,"column":8}},"33":{"start":{"line":72,"column":8},"end":{"line":72,"column":52}},"34":{"start":{"line":73,"column":8},"end":{"line":73,"column":63}},"35":{"start":{"line":75,"column":8},"end":{"line":85,"column":11}},"36":{"start":{"line":76,"column":25},"end":{"line":76,"column":71}},"37":{"start":{"line":78,"column":10},"end":{"line":84,"column":13}},"38":{"start":{"line":79,"column":25},"end":{"line":79,"column":65}},"39":{"start":{"line":80,"column":12},"end":{"line":83,"column":15}},"40":{"start":{"line":81,"column":28},"end":{"line":81,"column":70}},"41":{"start":{"line":82,"column":14},"end":{"line":82,"column":81}},"42":{"start":{"line":82,"column":42},"end":{"line":82,"column":79}},"43":{"start":{"line":88,"column":25},"end":{"line":88,"column":71}},"44":{"start":{"line":89,"column":21},"end":{"line":89,"column":85}},"45":{"start":{"line":91,"column":6},"end":{"line":91,"column":20}},"46":{"start":{"line":93,"column":6},"end":{"line":95,"column":7}},"47":{"start":{"line":94,"column":8},"end":{"line":94,"column":79}},"48":{"start":{"line":97,"column":6},"end":{"line":97,"column":94}},"49":{"start":{"line":106,"column":4},"end":{"line":108,"column":5}},"50":{"start":{"line":107,"column":6},"end":{"line":107,"column":20}},"51":{"start":{"line":109,"column":26},"end":{"line":109,"column":38}},"52":{"start":{"line":110,"column":4},"end":{"line":121,"column":5}},"53":{"start":{"line":111,"column":6},"end":{"line":111,"column":70}},"54":{"start":{"line":113,"column":6},"end":{"line":120,"column":7}},"55":{"start":{"line":113,"column":65},"end":{"line":113,"column":94}},"56":{"start":{"line":114,"column":27},"end":{"line":114,"column":49}},"57":{"start":{"line":115,"column":8},"end":{"line":119,"column":9}},"58":{"start":{"line":115,"column":35},"end":{"line":115,"column":59}},"59":{"start":{"line":116,"column":29},"end":{"line":116,"column":47}},"60":{"start":{"line":117,"column":10},"end":{"line":117,"column":64}},"61":{"start":{"line":117,"column":31},"end":{"line":117,"column":64}},"62":{"start":{"line":118,"column":10},"end":{"line":118,"column":50}},"63":{"start":{"line":123,"column":4},"end":{"line":128,"column":5}},"64":{"start":{"line":123,"column":17},"end":{"line":123,"column":18}},"65":{"start":{"line":124,"column":19},"end":{"line":124,"column":31}},"66":{"start":{"line":125,"column":6},"end":{"line":127,"column":7}},"67":{"start":{"line":126,"column":8},"end":{"line":126,"column":71}},"68":{"start":{"line":129,"column":4},"end":{"line":129,"column":18}},"69":{"start":{"line":133,"column":24},"end":{"line":133,"column":62}},"70":{"start":{"line":135,"column":4},"end":{"line":135,"column":122}},"71":{"start":{"line":139,"column":20},"end":{"line":139,"column":61}},"72":{"start":{"line":140,"column":20},"end":{"line":140,"column":53}},"73":{"start":{"line":141,"column":17},"end":{"line":141,"column":40}},"74":{"start":{"line":142,"column":4},"end":{"line":146,"column":5}},"75":{"start":{"line":143,"column":6},"end":{"line":143,"column":34}},"76":{"start":{"line":145,"column":6},"end":{"line":145,"column":28}},"77":{"start":{"line":149,"column":4},"end":{"line":152,"column":7}},"78":{"start":{"line":14,"column":13},"end":{"line":14,"column":34}},"79":{"start":{"line":14,"column":13},"end":{"line":154,"column":null}}},"fnMap":{"0":{"name":"(anonymous_5)","decl":{"start":{"line":18,"column":2},"end":{"line":18,"column":null}},"loc":{"start":{"line":21,"column":39},"end":{"line":22,"column":6}}},"1":{"name":"(anonymous_6)","decl":{"start":{"line":24,"column":2},"end":{"line":24,"column":7}},"loc":{"start":{"line":24,"column":43},"end":{"line":67,"column":3}}},"2":{"name":"(anonymous_7)","decl":{"start":{"line":29,"column":40},"end":{"line":29,"column":45}},"loc":{"start":{"line":29,"column":55},"end":{"line":50,"column":7}}},"3":{"name":"(anonymous_8)","decl":{"start":{"line":33,"column":29},"end":{"line":33,"column":32}},"loc":{"start":{"line":33,"column":34},"end":{"line":49,"column":9}}},"4":{"name":"(anonymous_9)","decl":{"start":{"line":37,"column":17},"end":{"line":37,"column":18}},"loc":{"start":{"line":37,"column":26},"end":{"line":47,"column":13}}},"5":{"name":"(anonymous_10)","decl":{"start":{"line":48,"column":20},"end":{"line":48,"column":21}},"loc":{"start":{"line":48,"column":30},"end":{"line":48,"column":79}}},"6":{"name":"(anonymous_11)","decl":{"start":{"line":69,"column":2},"end":{"line":69,"column":7}},"loc":{"start":{"line":69,"column":37},"end":{"line":99,"column":3}}},"7":{"name":"(anonymous_12)","decl":{"start":{"line":71,"column":49},"end":{"line":71,"column":54}},"loc":{"start":{"line":71,"column":64},"end":{"line":86,"column":7}}},"8":{"name":"(anonymous_13)","decl":{"start":{"line":75,"column":29},"end":{"line":75,"column":32}},"loc":{"start":{"line":75,"column":34},"end":{"line":85,"column":9}}},"9":{"name":"(anonymous_14)","decl":{"start":{"line":78,"column":28},"end":{"line":78,"column":29}},"loc":{"start":{"line":78,"column":38},"end":{"line":84,"column":11}}},"10":{"name":"(anonymous_15)","decl":{"start":{"line":80,"column":28},"end":{"line":80,"column":29}},"loc":{"start":{"line":80,"column":36},"end":{"line":83,"column":13}}},"11":{"name":"(anonymous_16)","decl":{"start":{"line":82,"column":31},"end":{"line":82,"column":32}},"loc":{"start":{"line":82,"column":42},"end":{"line":82,"column":79}}},"12":{"name":"(anonymous_17)","decl":{"start":{"line":101,"column":10},"end":{"line":101,"column":15}},"loc":{"start":{"line":104,"column":37},"end":{"line":130,"column":3}}},"13":{"name":"(anonymous_18)","decl":{"start":{"line":113,"column":55},"end":{"line":113,"column":56}},"loc":{"start":{"line":113,"column":65},"end":{"line":113,"column":94}}},"14":{"name":"(anonymous_19)","decl":{"start":{"line":115,"column":25},"end":{"line":115,"column":26}},"loc":{"start":{"line":115,"column":35},"end":{"line":115,"column":59}}},"15":{"name":"(anonymous_20)","decl":{"start":{"line":132,"column":10},"end":{"line":132,"column":24}},"loc":{"start":{"line":132,"column":47},"end":{"line":136,"column":3}}},"16":{"name":"(anonymous_21)","decl":{"start":{"line":138,"column":10},"end":{"line":138,"column":15}},"loc":{"start":{"line":138,"column":64},"end":{"line":147,"column":3}}},"17":{"name":"(anonymous_22)","decl":{"start":{"line":148,"column":10},"end":{"line":148,"column":15}},"loc":{"start":{"line":148,"column":46},"end":{"line":153,"column":3}}}},"branchMap":{"0":{"loc":{"start":{"line":43,"column":22},"end":{"line":43,"column":81}},"type":"cond-expr","locations":[{"start":{"line":43,"column":36},"end":{"line":43,"column":64}},{"start":{"line":43,"column":67},"end":{"line":43,"column":81}}]},"1":{"loc":{"start":{"line":44,"column":23},"end":{"line":44,"column":77}},"type":"cond-expr","locations":[{"start":{"line":44,"column":38},"end":{"line":44,"column":70}},{"start":{"line":44,"column":73},"end":{"line":44,"column":77}}]},"2":{"loc":{"start":{"line":48,"column":30},"end":{"line":48,"column":79}},"type":"binary-expr","locations":[{"start":{"line":48,"column":30},"end":{"line":48,"column":40}},{"start":{"line":48,"column":44},"end":{"line":48,"column":79}}]},"3":{"loc":{"start":{"line":61,"column":6},"end":{"line":63,"column":7}},"type":"if","locations":[{"start":{"line":61,"column":6},"end":{"line":63,"column":7}},{"start":{},"end":{}}]},"4":{"loc":{"start":{"line":93,"column":6},"end":{"line":95,"column":7}},"type":"if","locations":[{"start":{"line":93,"column":6},"end":{"line":95,"column":7}},{"start":{},"end":{}}]},"5":{"loc":{"start":{"line":104,"column":4},"end":{"line":104,"column":37}},"type":"default-arg","locations":[{"start":{"line":104,"column":35},"end":{"line":104,"column":37}}]},"6":{"loc":{"start":{"line":106,"column":4},"end":{"line":108,"column":5}},"type":"if","locations":[{"start":{"line":106,"column":4},"end":{"line":108,"column":5}},{"start":{},"end":{}}]},"7":{"loc":{"start":{"line":110,"column":4},"end":{"line":121,"column":5}},"type":"if","locations":[{"start":{"line":110,"column":4},"end":{"line":121,"column":5}},{"start":{"line":112,"column":11},"end":{"line":121,"column":5}}]},"8":{"loc":{"start":{"line":113,"column":6},"end":{"line":120,"column":7}},"type":"if","locations":[{"start":{"line":113,"column":6},"end":{"line":120,"column":7}},{"start":{},"end":{}}]},"9":{"loc":{"start":{"line":113,"column":10},"end":{"line":113,"column":95}},"type":"binary-expr","locations":[{"start":{"line":113,"column":10},"end":{"line":113,"column":35}},{"start":{"line":113,"column":39},"end":{"line":113,"column":95}}]},"10":{"loc":{"start":{"line":115,"column":8},"end":{"line":119,"column":9}},"type":"if","locations":[{"start":{"line":115,"column":8},"end":{"line":119,"column":9}},{"start":{},"end":{}}]},"11":{"loc":{"start":{"line":117,"column":10},"end":{"line":117,"column":64}},"type":"if","locations":[{"start":{"line":117,"column":10},"end":{"line":117,"column":64}},{"start":{},"end":{}}]},"12":{"loc":{"start":{"line":125,"column":6},"end":{"line":127,"column":7}},"type":"if","locations":[{"start":{"line":125,"column":6},"end":{"line":127,"column":7}},{"start":{},"end":{}}]},"13":{"loc":{"start":{"line":19,"column":29},"end":{"line":19,"column":null}},"type":"cond-expr","locations":[{"start":{"line":19,"column":42},"end":{"line":19,"column":null}},{"start":{"line":19,"column":42},"end":{"line":19,"column":null}}]},"14":{"loc":{"start":{"line":19,"column":29},"end":{"line":19,"column":42}},"type":"binary-expr","locations":[{"start":{"line":19,"column":29},"end":{"line":19,"column":null}},{"start":{"line":19,"column":29},"end":{"line":19,"column":42}}]},"15":{"loc":{"start":{"line":19,"column":42},"end":{"line":21,"column":null}},"type":"cond-expr","locations":[{"start":{"line":21,"column":39},"end":{"line":21,"column":null}},{"start":{"line":21,"column":39},"end":{"line":21,"column":null}}]},"16":{"loc":{"start":{"line":19,"column":42},"end":{"line":21,"column":39}},"type":"binary-expr","locations":[{"start":{"line":19,"column":42},"end":{"line":21,"column":null}},{"start":{"line":21,"column":29},"end":{"line":21,"column":39}}]}},"s":{"0":3,"1":3,"2":3,"3":3,"4":3,"5":3,"6":3,"7":3,"8":3,"9":3,"10":3,"11":1,"12":1,"13":1,"14":1,"15":1,"16":1,"17":1,"18":0,"19":0,"20":0,"21":0,"22":0,"23":0,"24":0,"25":0,"26":0,"27":1,"28":1,"29":0,"30":1,"31":0,"32":0,"33":0,"34":0,"35":0,"36":0,"37":0,"38":0,"39":0,"40":0,"41":0,"42":0,"43":0,"44":0,"45":0,"46":0,"47":0,"48":0,"49":0,"50":0,"51":0,"52":0,"53":0,"54":0,"55":0,"56":0,"57":0,"58":0,"59":0,"60":0,"61":0,"62":0,"63":0,"64":0,"65":0,"66":0,"67":0,"68":0,"69":1,"70":1,"71":1,"72":1,"73":1,"74":1,"75":1,"76":1,"77":1,"78":3,"79":3},"f":{"0":3,"1":1,"2":1,"3":0,"4":0,"5":0,"6":0,"7":0,"8":0,"9":0,"10":0,"11":0,"12":0,"13":0,"14":0,"15":1,"16":1,"17":1},"b":{"0":[0,0],"1":[0,0],"2":[0,0],"3":[0,1],"4":[0,0],"5":[0],"6":[0,0],"7":[0,0],"8":[0,0],"9":[0,0],"10":[0,0],"11":[0,0],"12":[0,0],"13":[3,0],"14":[3,3],"15":[3,0],"16":[3,3]}}
,"D:\\Projects\\BikeCheck\\apps\\backend\\src\\bike\\dto\\create-bike.dto.ts": {"path":"D:\\Projects\\BikeCheck\\apps\\backend\\src\\bike\\dto\\create-bike.dto.ts","statementMap":{"0":{"start":{"line":1,"column":0},"end":{"line":1,"column":46}},"1":{"start":{"line":2,"column":0},"end":{"line":2,"column":85}},"2":{"start":{"line":4,"column":0},"end":{"line":4,"column":13}},"3":{"start":{"line":8,"column":2},"end":{"line":8,"column":null}},"4":{"start":{"line":14,"column":2},"end":{"line":14,"column":null}},"5":{"start":{"line":20,"column":2},"end":{"line":20,"column":null}},"6":{"start":{"line":27,"column":2},"end":{"line":27,"column":null}},"7":{"start":{"line":34,"column":2},"end":{"line":34,"column":null}},"8":{"start":{"line":41,"column":2},"end":{"line":41,"column":null}},"9":{"start":{"line":47,"column":2},"end":{"line":47,"column":null}},"10":{"start":{"line":53,"column":2},"end":{"line":53,"column":null}},"11":{"start":{"line":59,"column":2},"end":{"line":59,"column":null}}},"fnMap":{},"branchMap":{},"s":{"0":2,"1":2,"2":2,"3":2,"4":2,"5":2,"6":2,"7":2,"8":2,"9":2,"10":2,"11":2},"f":{},"b":{}}
,"D:\\Projects\\BikeCheck\\apps\\backend\\src\\bike\\dto\\response-bike.dto.ts": {"path":"D:\\Projects\\BikeCheck\\apps\\backend\\src\\bike\\dto\\response-bike.dto.ts","statementMap":{"0":{"start":{"line":1,"column":0},"end":{"line":1,"column":46}},"1":{"start":{"line":4,"column":0},"end":{"line":4,"column":13}},"2":{"start":{"line":6,"column":2},"end":{"line":6,"column":null}},"3":{"start":{"line":9,"column":2},"end":{"line":9,"column":null}},"4":{"start":{"line":12,"column":2},"end":{"line":12,"column":null}},"5":{"start":{"line":15,"column":2},"end":{"line":15,"column":null}},"6":{"start":{"line":18,"column":2},"end":{"line":18,"column":null}},"7":{"start":{"line":21,"column":2},"end":{"line":21,"column":null}},"8":{"start":{"line":24,"column":2},"end":{"line":24,"column":null}},"9":{"start":{"line":27,"column":2},"end":{"line":27,"column":null}},"10":{"start":{"line":30,"column":2},"end":{"line":30,"column":null}},"11":{"start":{"line":33,"column":2},"end":{"line":33,"column":null}},"12":{"start":{"line":36,"column":2},"end":{"line":36,"column":null}},"13":{"start":{"line":39,"column":2},"end":{"line":39,"column":null}},"14":{"start":{"line":42,"column":2},"end":{"line":42,"column":null}},"15":{"start":{"line":45,"column":2},"end":{"line":45,"column":null}}},"fnMap":{},"branchMap":{},"s":{"0":2,"1":2,"2":2,"3":2,"4":2,"5":2,"6":2,"7":2,"8":2,"9":2,"10":2,"11":2,"12":2,"13":2,"14":2,"15":2},"f":{},"b":{}}
,"D:\\Projects\\BikeCheck\\apps\\backend\\src\\bike\\dto\\update-bike.dto.ts": {"path":"D:\\Projects\\BikeCheck\\apps\\backend\\src\\bike\\dto\\update-bike.dto.ts","statementMap":{"0":{"start":{"line":1,"column":0},"end":{"line":1,"column":51}},"1":{"start":{"line":2,"column":0},"end":{"line":2,"column":50}},"2":{"start":{"line":4,"column":0},"end":{"line":4,"column":13}}},"fnMap":{},"branchMap":{},"s":{"0":2,"1":2,"2":2},"f":{},"b":{}}
,"D:\\Projects\\BikeCheck\\apps\\backend\\src\\refreshtoken\\refreshtoken.module.ts": {"path":"D:\\Projects\\BikeCheck\\apps\\backend\\src\\refreshtoken\\refreshtoken.module.ts","statementMap":{"0":{"start":{"line":1,"column":0},"end":{"line":1,"column":40}},"1":{"start":{"line":2,"column":0},"end":{"line":2,"column":67}},"2":{"start":{"line":3,"column":0},"end":{"line":3,"column":58}},"3":{"start":{"line":10,"column":7},"end":{"line":10,"column":null}},"4":{"start":{"line":10,"column":13},"end":{"line":10,"column":31}},"5":{"start":{"line":10,"column":13},"end":{"line":10,"column":null}}},"fnMap":{},"branchMap":{},"s":{"0":2,"1":2,"2":2,"3":2,"4":2,"5":2},"f":{},"b":{}}
,"D:\\Projects\\BikeCheck\\apps\\backend\\src\\refreshtoken\\refreshtoken.repository.ts": {"path":"D:\\Projects\\BikeCheck\\apps\\backend\\src\\refreshtoken\\refreshtoken.repository.ts","statementMap":{"0":{"start":{"line":1,"column":0},"end":{"line":1,"column":44}},"1":{"start":{"line":2,"column":0},"end":{"line":2,"column":60}},"2":{"start":{"line":6,"column":7},"end":{"line":101,"column":null}},"3":{"start":{"line":7,"column":22},"end":{"line":7,"column":30}},"4":{"start":{"line":10,"column":4},"end":{"line":10,"column":55}},"5":{"start":{"line":20,"column":4},"end":{"line":28,"column":7}},"6":{"start":{"line":39,"column":4},"end":{"line":54,"column":7}},"7":{"start":{"line":58,"column":4},"end":{"line":60,"column":7}},"8":{"start":{"line":64,"column":4},"end":{"line":70,"column":7}},"9":{"start":{"line":74,"column":4},"end":{"line":80,"column":7}},"10":{"start":{"line":84,"column":4},"end":{"line":88,"column":7}},"11":{"start":{"line":92,"column":4},"end":{"line":99,"column":7}},"12":{"start":{"line":6,"column":13},"end":{"line":6,"column":35}},"13":{"start":{"line":6,"column":13},"end":{"line":101,"column":null}}},"fnMap":{"0":{"name":"(anonymous_2)","decl":{"start":{"line":7,"column":2},"end":{"line":7,"column":22}},"loc":{"start":{"line":7,"column":43},"end":{"line":7,"column":47}}},"1":{"name":"(anonymous_3)","decl":{"start":{"line":9,"column":2},"end":{"line":9,"column":7}},"loc":{"start":{"line":9,"column":14},"end":{"line":11,"column":3}}},"2":{"name":"(anonymous_4)","decl":{"start":{"line":13,"column":2},"end":{"line":13,"column":7}},"loc":{"start":{"line":18,"column":23},"end":{"line":29,"column":3}}},"3":{"name":"(anonymous_5)","decl":{"start":{"line":31,"column":2},"end":{"line":31,"column":7}},"loc":{"start":{"line":37,"column":15},"end":{"line":55,"column":3}}},"4":{"name":"(anonymous_6)","decl":{"start":{"line":57,"column":2},"end":{"line":57,"column":7}},"loc":{"start":{"line":57,"column":41},"end":{"line":61,"column":3}}},"5":{"name":"(anonymous_7)","decl":{"start":{"line":63,"column":2},"end":{"line":63,"column":7}},"loc":{"start":{"line":63,"column":41},"end":{"line":71,"column":3}}},"6":{"name":"(anonymous_8)","decl":{"start":{"line":73,"column":2},"end":{"line":73,"column":7}},"loc":{"start":{"line":73,"column":43},"end":{"line":81,"column":3}}},"7":{"name":"(anonymous_9)","decl":{"start":{"line":83,"column":2},"end":{"line":83,"column":7}},"loc":{"start":{"line":83,"column":27},"end":{"line":89,"column":3}}},"8":{"name":"(anonymous_10)","decl":{"start":{"line":91,"column":2},"end":{"line":91,"column":7}},"loc":{"start":{"line":91,"column":43},"end":{"line":100,"column":3}}}},"branchMap":{"0":{"loc":{"start":{"line":7,"column":30},"end":{"line":7,"column":46}},"type":"cond-expr","locations":[{"start":{"line":7,"column":43},"end":{"line":7,"column":46}},{"start":{"line":7,"column":43},"end":{"line":7,"column":46}}]},"1":{"loc":{"start":{"line":7,"column":30},"end":{"line":7,"column":43}},"type":"binary-expr","locations":[{"start":{"line":7,"column":30},"end":{"line":7,"column":46}},{"start":{"line":7,"column":30},"end":{"line":7,"column":43}}]}},"s":{"0":4,"1":4,"2":4,"3":2,"4":0,"5":2,"6":0,"7":0,"8":0,"9":0,"10":0,"11":0,"12":4,"13":4},"f":{"0":2,"1":0,"2":2,"3":0,"4":0,"5":0,"6":0,"7":0,"8":0},"b":{"0":[4,0],"1":[4,4]}}
,"D:\\Projects\\BikeCheck\\apps\\backend\\src\\user\\user.controller.ts": {"path":"D:\\Projects\\BikeCheck\\apps\\backend\\src\\user\\user.controller.ts","statementMap":{"0":{"start":{"line":5,"column":0},"end":{"line":5,"column":94}},"1":{"start":{"line":6,"column":0},"end":{"line":6,"column":45}},"2":{"start":{"line":7,"column":0},"end":{"line":7,"column":80}},"3":{"start":{"line":8,"column":0},"end":{"line":8,"column":60}},"4":{"start":{"line":12,"column":7},"end":{"line":61,"column":null}},"5":{"start":{"line":13,"column":31},"end":{"line":13,"column":44}},"6":{"start":{"line":20,"column":17},"end":{"line":20,"column":63}},"7":{"start":{"line":21,"column":4},"end":{"line":23,"column":5}},"8":{"start":{"line":22,"column":6},"end":{"line":22,"column":52}},"9":{"start":{"line":24,"column":4},"end":{"line":24,"column":36}},"10":{"start":{"line":32,"column":17},"end":{"line":32,"column":61}},"11":{"start":{"line":33,"column":4},"end":{"line":33,"column":36}},"12":{"start":{"line":41,"column":17},"end":{"line":41,"column":75}},"13":{"start":{"line":42,"column":4},"end":{"line":42,"column":36}},"14":{"start":{"line":46,"column":4},"end":{"line":59,"column":6}},"15":{"start":{"line":12,"column":13},"end":{"line":12,"column":27}},"16":{"start":{"line":19,"column":8},"end":{"line":25,"column":null}},"17":{"start":{"line":31,"column":8},"end":{"line":34,"column":null}},"18":{"start":{"line":40,"column":8},"end":{"line":43,"column":null}},"19":{"start":{"line":12,"column":13},"end":{"line":61,"column":null}}},"fnMap":{"0":{"name":"(anonymous_4)","decl":{"start":{"line":13,"column":2},"end":{"line":13,"column":31}},"loc":{"start":{"line":13,"column":55},"end":{"line":13,"column":59}}},"1":{"name":"(anonymous_5)","decl":{"start":{"line":19,"column":8},"end":{"line":19,"column":15}},"loc":{"start":{"line":19,"column":39},"end":{"line":25,"column":3}}},"2":{"name":"(anonymous_6)","decl":{"start":{"line":31,"column":8},"end":{"line":31,"column":18}},"loc":{"start":{"line":31,"column":46},"end":{"line":34,"column":3}}},"3":{"name":"(anonymous_7)","decl":{"start":{"line":40,"column":8},"end":{"line":40,"column":18}},"loc":{"start":{"line":40,"column":71},"end":{"line":43,"column":3}}},"4":{"name":"(anonymous_8)","decl":{"start":{"line":45,"column":10},"end":{"line":45,"column":23}},"loc":{"start":{"line":45,"column":38},"end":{"line":60,"column":3}}}},"branchMap":{"0":{"loc":{"start":{"line":21,"column":4},"end":{"line":23,"column":5}},"type":"if","locations":[{"start":{"line":21,"column":4},"end":{"line":23,"column":5}},{"start":{},"end":{}}]},"1":{"loc":{"start":{"line":48,"column":12},"end":{"line":48,"column":27}},"type":"binary-expr","locations":[{"start":{"line":48,"column":12},"end":{"line":48,"column":21}},{"start":{"line":48,"column":25},"end":{"line":48,"column":27}}]},"2":{"loc":{"start":{"line":49,"column":13},"end":{"line":49,"column":29}},"type":"binary-expr","locations":[{"start":{"line":49,"column":13},"end":{"line":49,"column":23}},{"start":{"line":49,"column":27},"end":{"line":49,"column":29}}]},"3":{"loc":{"start":{"line":55,"column":17},"end":{"line":55,"column":40}},"type":"binary-expr","locations":[{"start":{"line":55,"column":17},"end":{"line":55,"column":31}},{"start":{"line":55,"column":35},"end":{"line":55,"column":40}}]},"4":{"loc":{"start":{"line":56,"column":21},"end":{"line":56,"column":47}},"type":"binary-expr","locations":[{"start":{"line":56,"column":21},"end":{"line":56,"column":39}},{"start":{"line":56,"column":43},"end":{"line":56,"column":47}}]},"5":{"loc":{"start":{"line":57,"column":18},"end":{"line":57,"column":47}},"type":"binary-expr","locations":[{"start":{"line":57,"column":18},"end":{"line":57,"column":33}},{"start":{"line":57,"column":37},"end":{"line":57,"column":47}}]},"6":{"loc":{"start":{"line":58,"column":18},"end":{"line":58,"column":47}},"type":"binary-expr","locations":[{"start":{"line":58,"column":18},"end":{"line":58,"column":33}},{"start":{"line":58,"column":37},"end":{"line":58,"column":47}}]},"7":{"loc":{"start":{"line":31,"column":33},"end":{"line":31,"column":49}},"type":"cond-expr","locations":[{"start":{"line":31,"column":46},"end":{"line":31,"column":49}},{"start":{"line":31,"column":46},"end":{"line":31,"column":49}}]},"8":{"loc":{"start":{"line":31,"column":33},"end":{"line":31,"column":46}},"type":"binary-expr","locations":[{"start":{"line":31,"column":33},"end":{"line":31,"column":49}},{"start":{"line":31,"column":33},"end":{"line":31,"column":46}}]},"9":{"loc":{"start":{"line":31,"column":49},"end":{"line":31,"column":null}},"type":"cond-expr","locations":[{"start":{"line":31,"column":56},"end":{"line":31,"column":null}},{"start":{"line":31,"column":56},"end":{"line":31,"column":null}}]},"10":{"loc":{"start":{"line":31,"column":49},"end":{"line":31,"column":56}},"type":"binary-expr","locations":[{"start":{"line":31,"column":49},"end":{"line":31,"column":null}},{"start":{"line":31,"column":49},"end":{"line":31,"column":56}}]},"11":{"loc":{"start":{"line":40,"column":58},"end":{"line":40,"column":null}},"type":"cond-expr","locations":[{"start":{"line":40,"column":71},"end":{"line":40,"column":null}},{"start":{"line":40,"column":71},"end":{"line":40,"column":null}}]},"12":{"loc":{"start":{"line":40,"column":58},"end":{"line":40,"column":71}},"type":"binary-expr","locations":[{"start":{"line":40,"column":58},"end":{"line":40,"column":null}},{"start":{"line":40,"column":58},"end":{"line":40,"column":71}}]},"13":{"loc":{"start":{"line":13,"column":44},"end":{"line":13,"column":58}},"type":"cond-expr","locations":[{"start":{"line":13,"column":55},"end":{"line":13,"column":58}},{"start":{"line":13,"column":55},"end":{"line":13,"column":58}}]},"14":{"loc":{"start":{"line":13,"column":44},"end":{"line":13,"column":55}},"type":"binary-expr","locations":[{"start":{"line":13,"column":44},"end":{"line":13,"column":58}},{"start":{"line":13,"column":44},"end":{"line":13,"column":55}}]}},"s":{"0":2,"1":2,"2":2,"3":2,"4":2,"5":2,"6":1,"7":1,"8":0,"9":1,"10":0,"11":0,"12":0,"13":0,"14":1,"15":2,"16":2,"17":2,"18":2,"19":2},"f":{"0":2,"1":1,"2":0,"3":0,"4":1},"b":{"0":[0,1],"1":[1,0],"2":[1,0],"3":[1,0],"4":[1,1],"5":[1,0],"6":[1,0],"7":[2,0],"8":[2,2],"9":[2,0],"10":[2,2],"11":[2,0],"12":[2,2],"13":[2,0],"14":[2,2]}}
,"D:\\Projects\\BikeCheck\\apps\\backend\\src\\user\\user.module.ts": {"path":"D:\\Projects\\BikeCheck\\apps\\backend\\src\\user\\user.module.ts","statementMap":{"0":{"start":{"line":1,"column":0},"end":{"line":1,"column":40}},"1":{"start":{"line":2,"column":0},"end":{"line":2,"column":51}},"2":{"start":{"line":3,"column":0},"end":{"line":3,"column":45}},"3":{"start":{"line":4,"column":0},"end":{"line":4,"column":51}},"4":{"start":{"line":5,"column":0},"end":{"line":5,"column":58}},"5":{"start":{"line":13,"column":7},"end":{"line":13,"column":null}},"6":{"start":{"line":13,"column":13},"end":{"line":13,"column":23}},"7":{"start":{"line":13,"column":13},"end":{"line":13,"column":null}}},"fnMap":{},"branchMap":{},"s":{"0":2,"1":2,"2":2,"3":2,"4":2,"5":2,"6":2,"7":2},"f":{},"b":{}}
,"D:\\Projects\\BikeCheck\\apps\\backend\\src\\user\\user.repository.ts": {"path":"D:\\Projects\\BikeCheck\\apps\\backend\\src\\user\\user.repository.ts","statementMap":{"0":{"start":{"line":1,"column":0},"end":{"line":1,"column":44}},"1":{"start":{"line":2,"column":0},"end":{"line":2,"column":60}},"2":{"start":{"line":8,"column":7},"end":{"line":52,"column":null}},"3":{"start":{"line":9,"column":31},"end":{"line":9,"column":39}},"4":{"start":{"line":12,"column":4},"end":{"line":12,"column":46}},"5":{"start":{"line":17,"column":34},"end":{"line":18,"column":null}},"6":{"start":{"line":18,"column":65},"end":{"line":18,"column":84}},"7":{"start":{"line":21,"column":4},"end":{"line":27,"column":7}},"8":{"start":{"line":31,"column":4},"end":{"line":33,"column":7}},"9":{"start":{"line":37,"column":4},"end":{"line":39,"column":7}},"10":{"start":{"line":42,"column":4},"end":{"line":44,"column":7}},"11":{"start":{"line":48,"column":4},"end":{"line":50,"column":7}},"12":{"start":{"line":8,"column":13},"end":{"line":8,"column":27}},"13":{"start":{"line":8,"column":13},"end":{"line":52,"column":null}}},"fnMap":{"0":{"name":"(anonymous_2)","decl":{"start":{"line":9,"column":2},"end":{"line":9,"column":31}},"loc":{"start":{"line":9,"column":52},"end":{"line":9,"column":56}}},"1":{"name":"(anonymous_3)","decl":{"start":{"line":11,"column":2},"end":{"line":11,"column":7}},"loc":{"start":{"line":11,"column":39},"end":{"line":13,"column":3}}},"2":{"name":"(anonymous_4)","decl":{"start":{"line":15,"column":2},"end":{"line":15,"column":7}},"loc":{"start":{"line":15,"column":66},"end":{"line":28,"column":3}}},"3":{"name":"(anonymous_5)","decl":{"start":{"line":18,"column":50},"end":{"line":18,"column":51}},"loc":{"start":{"line":18,"column":65},"end":{"line":18,"column":84}}},"4":{"name":"(anonymous_6)","decl":{"start":{"line":30,"column":2},"end":{"line":30,"column":7}},"loc":{"start":{"line":30,"column":27},"end":{"line":34,"column":3}}},"5":{"name":"(anonymous_7)","decl":{"start":{"line":36,"column":2},"end":{"line":36,"column":7}},"loc":{"start":{"line":36,"column":39},"end":{"line":40,"column":3}}},"6":{"name":"(anonymous_8)","decl":{"start":{"line":41,"column":2},"end":{"line":41,"column":7}},"loc":{"start":{"line":41,"column":33},"end":{"line":45,"column":3}}},"7":{"name":"(anonymous_9)","decl":{"start":{"line":47,"column":2},"end":{"line":47,"column":7}},"loc":{"start":{"line":47,"column":29},"end":{"line":51,"column":3}}}},"branchMap":{"0":{"loc":{"start":{"line":9,"column":39},"end":{"line":9,"column":55}},"type":"cond-expr","locations":[{"start":{"line":9,"column":52},"end":{"line":9,"column":55}},{"start":{"line":9,"column":52},"end":{"line":9,"column":55}}]},"1":{"loc":{"start":{"line":9,"column":39},"end":{"line":9,"column":52}},"type":"binary-expr","locations":[{"start":{"line":9,"column":39},"end":{"line":9,"column":55}},{"start":{"line":9,"column":39},"end":{"line":9,"column":52}}]}},"s":{"0":4,"1":4,"2":4,"3":2,"4":2,"5":0,"6":0,"7":0,"8":1,"9":0,"10":5,"11":0,"12":4,"13":4},"f":{"0":2,"1":2,"2":0,"3":0,"4":1,"5":0,"6":5,"7":0},"b":{"0":[4,0],"1":[4,4]}}
,"D:\\Projects\\BikeCheck\\apps\\backend\\src\\user\\user.service.ts": {"path":"D:\\Projects\\BikeCheck\\apps\\backend\\src\\user\\user.service.ts","statementMap":{"0":{"start":{"line":1,"column":0},"end":{"line":1,"column":82}},"1":{"start":{"line":2,"column":0},"end":{"line":2,"column":51}},"2":{"start":{"line":4,"column":0},"end":{"line":4,"column":28}},"3":{"start":{"line":9,"column":7},"end":{"line":73,"column":null}},"4":{"start":{"line":10,"column":31},"end":{"line":10,"column":47}},"5":{"start":{"line":13,"column":17},"end":{"line":13,"column":67}},"6":{"start":{"line":14,"column":4},"end":{"line":14,"column":16}},"7":{"start":{"line":18,"column":17},"end":{"line":18,"column":55}},"8":{"start":{"line":19,"column":4},"end":{"line":19,"column":16}},"9":{"start":{"line":23,"column":17},"end":{"line":23,"column":61}},"10":{"start":{"line":24,"column":4},"end":{"line":24,"column":16}},"11":{"start":{"line":29,"column":17},"end":{"line":37,"column":6}},"12":{"start":{"line":38,"column":4},"end":{"line":38,"column":16}},"13":{"start":{"line":43,"column":25},"end":{"line":43,"column":73}},"14":{"start":{"line":44,"column":4},"end":{"line":46,"column":5}},"15":{"start":{"line":45,"column":6},"end":{"line":45,"column":72}},"16":{"start":{"line":49,"column":23},"end":{"line":49,"column":25}},"17":{"start":{"line":50,"column":26},"end":{"line":50,"column":69}},"18":{"start":{"line":53,"column":17},"end":{"line":61,"column":6}},"19":{"start":{"line":63,"column":4},"end":{"line":63,"column":16}},"20":{"start":{"line":66,"column":17},"end":{"line":66,"column":55}},"21":{"start":{"line":67,"column":4},"end":{"line":69,"column":5}},"22":{"start":{"line":68,"column":6},"end":{"line":68,"column":52}},"23":{"start":{"line":70,"column":23},"end":{"line":70,"column":68}},"24":{"start":{"line":71,"column":4},"end":{"line":71,"column":22}},"25":{"start":{"line":9,"column":13},"end":{"line":9,"column":24}},"26":{"start":{"line":9,"column":13},"end":{"line":73,"column":null}}},"fnMap":{"0":{"name":"(anonymous_3)","decl":{"start":{"line":10,"column":2},"end":{"line":10,"column":31}},"loc":{"start":{"line":10,"column":61},"end":{"line":10,"column":65}}},"1":{"name":"(anonymous_4)","decl":{"start":{"line":12,"column":2},"end":{"line":12,"column":7}},"loc":{"start":{"line":12,"column":42},"end":{"line":15,"column":3}}},"2":{"name":"(anonymous_5)","decl":{"start":{"line":17,"column":2},"end":{"line":17,"column":7}},"loc":{"start":{"line":17,"column":30},"end":{"line":20,"column":3}}},"3":{"name":"(anonymous_6)","decl":{"start":{"line":22,"column":2},"end":{"line":22,"column":7}},"loc":{"start":{"line":22,"column":36},"end":{"line":25,"column":3}}},"4":{"name":"(anonymous_7)","decl":{"start":{"line":27,"column":2},"end":{"line":27,"column":7}},"loc":{"start":{"line":27,"column":46},"end":{"line":39,"column":3}}},"5":{"name":"(anonymous_8)","decl":{"start":{"line":41,"column":2},"end":{"line":41,"column":7}},"loc":{"start":{"line":41,"column":42},"end":{"line":64,"column":3}}},"6":{"name":"(anonymous_9)","decl":{"start":{"line":65,"column":2},"end":{"line":65,"column":7}},"loc":{"start":{"line":65,"column":56},"end":{"line":72,"column":3}}}},"branchMap":{"0":{"loc":{"start":{"line":44,"column":4},"end":{"line":46,"column":5}},"type":"if","locations":[{"start":{"line":44,"column":4},"end":{"line":46,"column":5}},{"start":{},"end":{}}]},"1":{"loc":{"start":{"line":67,"column":4},"end":{"line":69,"column":5}},"type":"if","locations":[{"start":{"line":67,"column":4},"end":{"line":69,"column":5}},{"start":{},"end":{}}]},"2":{"loc":{"start":{"line":10,"column":47},"end":{"line":10,"column":64}},"type":"cond-expr","locations":[{"start":{"line":10,"column":61},"end":{"line":10,"column":64}},{"start":{"line":10,"column":61},"end":{"line":10,"column":64}}]},"3":{"loc":{"start":{"line":10,"column":47},"end":{"line":10,"column":61}},"type":"binary-expr","locations":[{"start":{"line":10,"column":47},"end":{"line":10,"column":64}},{"start":{"line":10,"column":47},"end":{"line":10,"column":61}}]}},"s":{"0":4,"1":4,"2":4,"3":4,"4":2,"5":0,"6":0,"7":1,"8":1,"9":2,"10":2,"11":0,"12":0,"13":3,"14":3,"15":1,"16":2,"17":2,"18":2,"19":2,"20":0,"21":0,"22":0,"23":0,"24":0,"25":4,"26":4},"f":{"0":2,"1":0,"2":1,"3":2,"4":0,"5":3,"6":0},"b":{"0":[1,2],"1":[0,0],"2":[4,0],"3":[4,4]}}
,"D:\\Projects\\BikeCheck\\apps\\backend\\src\\user\\dto\\user.dtos.ts": {"path":"D:\\Projects\\BikeCheck\\apps\\backend\\src\\user\\dto\\user.dtos.ts","statementMap":{"0":{"start":{"line":1,"column":0},"end":{"line":1,"column":46}},"1":{"start":{"line":3,"column":0},"end":{"line":3,"column":105}},"2":{"start":{"line":7,"column":0},"end":{"line":7,"column":13}},"3":{"start":{"line":13,"column":2},"end":{"line":13,"column":null}},"4":{"start":{"line":17,"column":2},"end":{"line":17,"column":null}},"5":{"start":{"line":24,"column":2},"end":{"line":24,"column":null}},"6":{"start":{"line":28,"column":2},"end":{"line":28,"column":null}},"7":{"start":{"line":33,"column":2},"end":{"line":33,"column":null}},"8":{"start":{"line":36,"column":0},"end":{"line":36,"column":13}},"9":{"start":{"line":42,"column":2},"end":{"line":42,"column":null}},"10":{"start":{"line":47,"column":2},"end":{"line":47,"column":null}},"11":{"start":{"line":53,"column":2},"end":{"line":53,"column":null}},"12":{"start":{"line":59,"column":2},"end":{"line":59,"column":null}},"13":{"start":{"line":64,"column":2},"end":{"line":64,"column":null}},"14":{"start":{"line":70,"column":2},"end":{"line":70,"column":null}},"15":{"start":{"line":75,"column":2},"end":{"line":75,"column":null}},"16":{"start":{"line":78,"column":0},"end":{"line":78,"column":13}},"17":{"start":{"line":80,"column":2},"end":{"line":80,"column":null}},"18":{"start":{"line":82,"column":2},"end":{"line":82,"column":null}},"19":{"start":{"line":84,"column":2},"end":{"line":84,"column":null}},"20":{"start":{"line":86,"column":2},"end":{"line":86,"column":null}},"21":{"start":{"line":88,"column":2},"end":{"line":88,"column":null}},"22":{"start":{"line":90,"column":2},"end":{"line":90,"column":null}},"23":{"start":{"line":92,"column":2},"end":{"line":92,"column":null}},"24":{"start":{"line":94,"column":2},"end":{"line":94,"column":null}},"25":{"start":{"line":96,"column":2},"end":{"line":96,"column":null}},"26":{"start":{"line":98,"column":2},"end":{"line":98,"column":null}},"27":{"start":{"line":100,"column":2},"end":{"line":100,"column":null}},"28":{"start":{"line":102,"column":2},"end":{"line":102,"column":null}}},"fnMap":{},"branchMap":{"0":{"loc":{"start":{"line":100,"column":14},"end":{"line":100,"column":19}},"type":"cond-expr","locations":[{"start":{"line":100,"column":18},"end":{"line":100,"column":19}},{"start":{"line":100,"column":18},"end":{"line":100,"column":19}}]},"1":{"loc":{"start":{"line":100,"column":14},"end":{"line":100,"column":18}},"type":"binary-expr","locations":[{"start":{"line":100,"column":14},"end":{"line":100,"column":19}},{"start":{"line":100,"column":14},"end":{"line":100,"column":18}}]},"2":{"loc":{"start":{"line":102,"column":14},"end":{"line":102,"column":19}},"type":"cond-expr","locations":[{"start":{"line":102,"column":18},"end":{"line":102,"column":19}},{"start":{"line":102,"column":18},"end":{"line":102,"column":19}}]},"3":{"loc":{"start":{"line":102,"column":14},"end":{"line":102,"column":18}},"type":"binary-expr","locations":[{"start":{"line":102,"column":14},"end":{"line":102,"column":19}},{"start":{"line":102,"column":14},"end":{"line":102,"column":18}}]}},"s":{"0":2,"1":2,"2":2,"3":2,"4":2,"5":2,"6":2,"7":2,"8":2,"9":2,"10":2,"11":2,"12":2,"13":2,"14":2,"15":2,"16":2,"17":2,"18":2,"19":2,"20":2,"21":2,"22":2,"23":2,"24":2,"25":2,"26":2,"27":2,"28":2},"f":{},"b":{"0":[2,0],"1":[2,2],"2":[2,0],"3":[2,2]}}
}
