TN:
SF:shared\prisma.module.ts
FNF:0
FNH:0
DA:1,2
DA:2,2
DA:8,2
LF:3
LH:3
BRF:0
BRH:0
end_of_record
TN:
SF:shared\prisma.service.ts
FN:9,(anonymous_2)
FN:21,(anonymous_3)
FN:25,(anonymous_4)
FNF:3
FNH:3
FNDA:4,(anonymous_2)
FNDA:2,(anonymous_3)
FNDA:4,(anonymous_4)
DA:1,7
DA:2,7
DA:3,7
DA:4,7
DA:5,7
DA:8,7
DA:10,4
DA:12,4
DA:13,0
DA:15,4
DA:16,4
DA:17,4
DA:22,2
DA:26,4
LF:14
LH:13
BRDA:12,0,0,0
BRDA:12,0,1,4
BRF:2
BRH:1
end_of_record
TN:
SF:src\app.module.ts
FNF:0
FNH:0
DA:1,2
DA:2,2
DA:3,2
DA:4,2
DA:5,2
DA:6,2
DA:7,2
DA:8,2
DA:9,2
DA:11,2
DA:12,2
DA:46,2
LF:12
LH:12
BRDA:18,0,0,2
BRDA:18,0,1,0
BRDA:18,1,0,0
BRDA:18,1,1,0
BRDA:21,2,0,2
BRDA:21,2,1,0
BRDA:21,3,0,2
BRDA:21,3,1,2
BRF:8
BRH:4
end_of_record
TN:
SF:src\auth\auth.config.ts
FNF:0
FNH:0
DA:1,3
DA:3,3
LF:2
LH:2
BRDA:4,0,0,3
BRDA:4,0,1,0
BRDA:6,1,0,3
BRDA:6,1,1,0
BRF:4
BRH:2
end_of_record
TN:
SF:src\auth\auth.controller.ts
FN:22,(anonymous_4)
FN:32,(anonymous_5)
FN:41,(anonymous_6)
FN:50,(anonymous_7)
FN:61,(anonymous_8)
FN:75,(anonymous_9)
FN:90,(anonymous_10)
FN:99,(anonymous_11)
FN:126,(anonymous_12)
FN:141,(anonymous_13)
FN:156,(anonymous_14)
FN:164,(anonymous_15)
FNF:12
FNH:7
FNDA:2,(anonymous_4)
FNDA:1,(anonymous_5)
FNDA:3,(anonymous_6)
FNDA:0,(anonymous_7)
FNDA:0,(anonymous_8)
FNDA:2,(anonymous_9)
FNDA:0,(anonymous_10)
FNDA:0,(anonymous_11)
FNDA:0,(anonymous_12)
FNDA:2,(anonymous_13)
FNDA:2,(anonymous_14)
FNDA:4,(anonymous_15)
DA:1,2
DA:2,2
DA:3,2
DA:4,2
DA:5,2
DA:6,2
DA:7,2
DA:8,2
DA:9,2
DA:10,2
DA:11,2
DA:14,2
DA:21,2
DA:23,2
DA:24,2
DA:25,2
DA:26,2
DA:32,2
DA:33,1
DA:41,2
DA:42,3
DA:44,2
DA:50,2
DA:51,0
DA:52,0
DA:53,0
DA:54,0
DA:55,0
DA:61,2
DA:62,0
DA:63,0
DA:64,0
DA:65,0
DA:75,2
DA:76,2
DA:77,2
DA:82,2
DA:83,2
DA:90,2
DA:99,2
DA:107,0
DA:108,0
DA:116,0
DA:117,0
DA:118,0
DA:119,0
DA:120,0
DA:121,0
DA:127,0
DA:133,0
DA:142,2
DA:148,2
DA:157,2
DA:158,2
DA:159,2
DA:160,2
DA:161,2
DA:165,4
LF:58
LH:39
BRDA:119,0,0,0
BRDA:119,0,1,0
BRDA:160,1,0,2
BRDA:160,1,1,2
BRDA:160,2,0,2
BRDA:160,2,1,2
BRDA:167,3,0,4
BRDA:167,3,1,0
BRDA:168,4,0,4
BRDA:168,4,1,0
BRDA:174,5,0,4
BRDA:174,5,1,0
BRDA:175,6,0,4
BRDA:175,6,1,4
BRDA:176,7,0,4
BRDA:176,7,1,0
BRDA:177,8,0,4
BRDA:177,8,1,0
BRDA:41,9,0,2
BRDA:41,9,1,0
BRDA:41,10,0,2
BRDA:41,10,1,2
BRDA:41,11,0,2
BRDA:41,11,1,0
BRDA:41,12,0,2
BRDA:41,12,1,2
BRDA:75,13,0,2
BRDA:75,13,1,0
BRDA:75,14,0,2
BRDA:75,14,1,2
BRDA:103,15,0,2
BRDA:103,15,1,0
BRDA:103,16,0,2
BRDA:103,16,1,2
BRDA:23,17,0,2
BRDA:23,17,1,0
BRDA:23,18,0,2
BRDA:23,18,1,2
BRDA:23,19,0,2
BRDA:23,19,1,0
BRDA:23,20,0,2
BRDA:23,20,1,2
BRDA:24,21,0,2
BRDA:24,21,1,0
BRDA:24,22,0,2
BRDA:24,22,1,2
BRDA:25,23,0,2
BRDA:25,23,1,0
BRDA:25,24,0,2
BRDA:25,24,1,2
BRF:50
BRH:35
end_of_record
TN:
SF:src\auth\auth.module.ts
FNF:0
FNH:0
DA:1,2
DA:2,2
DA:3,2
DA:4,2
DA:5,2
DA:6,2
DA:7,2
DA:8,2
DA:9,2
DA:10,2
DA:11,2
DA:12,2
DA:13,2
DA:28,2
LF:14
LH:14
BRF:0
BRH:0
end_of_record
TN:
SF:src\auth\auth.service.ts
FN:10,(anonymous_13)
FN:16,(anonymous_14)
FN:42,(anonymous_15)
FNF:3
FNH:3
FNDA:6,(anonymous_13)
FNDA:5,(anonymous_14)
FNDA:1,(anonymous_15)
DA:1,3
DA:2,3
DA:3,3
DA:4,3
DA:6,3
DA:9,3
DA:11,6
DA:12,6
DA:13,6
DA:17,5
DA:18,5
DA:19,1
DA:20,1
DA:23,4
DA:24,3
DA:25,3
DA:26,3
DA:27,3
DA:30,0
DA:31,0
DA:34,1
DA:35,1
DA:36,1
DA:39,0
DA:40,0
DA:43,1
DA:44,1
DA:45,1
LF:28
LH:24
BRDA:18,0,0,1
BRDA:18,0,1,4
BRDA:23,1,0,3
BRDA:23,1,1,1
BRDA:25,2,0,3
BRDA:25,2,1,0
BRDA:34,3,0,1
BRDA:34,3,1,0
BRDA:34,4,0,1
BRDA:34,4,1,1
BRDA:43,5,0,0
BRDA:43,5,1,1
BRDA:11,6,0,3
BRDA:11,6,1,0
BRDA:11,7,0,3
BRDA:11,7,1,3
BRDA:11,8,0,3
BRDA:11,8,1,0
BRDA:11,9,0,3
BRDA:11,9,1,3
BRDA:12,10,0,3
BRDA:12,10,1,0
BRDA:12,11,0,3
BRDA:12,11,1,3
BRF:24
BRH:18
end_of_record
TN:
SF:src\auth\googleAuth.service.ts
FN:13,(anonymous_2)
FN:15,(anonymous_3)
FNF:2
FNH:1
FNDA:2,(anonymous_2)
FNDA:0,(anonymous_3)
DA:1,2
DA:4,2
DA:12,2
DA:13,2
DA:17,0
DA:18,0
DA:19,0
DA:23,0
DA:24,0
DA:25,0
DA:29,0
DA:33,0
DA:34,0
LF:13
LH:4
BRDA:18,0,0,0
BRDA:18,0,1,0
BRDA:24,1,0,0
BRDA:24,1,1,0
BRDA:24,2,0,0
BRDA:24,2,1,0
BRDA:24,2,2,0
BRDA:24,2,3,0
BRDA:13,3,0,2
BRDA:13,3,1,0
BRDA:13,4,0,2
BRDA:13,4,1,2
BRF:12
BRH:3
end_of_record
TN:
SF:src\auth\token.service.ts
FN:12,(anonymous_4)
FN:21,(anonymous_5)
FN:66,(anonymous_6)
FN:79,(anonymous_7)
FN:85,(anonymous_8)
FN:91,(anonymous_9)
FNF:6
FNH:6
FNDA:8,(anonymous_4)
FNDA:5,(anonymous_5)
FNDA:3,(anonymous_6)
FNDA:5,(anonymous_7)
FNDA:4,(anonymous_8)
FNDA:2,(anonymous_9)
DA:1,3
DA:2,3
DA:4,3
DA:5,3
DA:6,3
DA:7,3
DA:8,3
DA:11,3
DA:13,8
DA:14,8
DA:15,8
DA:16,8
DA:28,5
DA:29,5
DA:30,1
DA:31,1
DA:34,4
DA:35,4
DA:39,3
DA:40,1
DA:41,1
DA:42,1
DA:44,2
DA:46,2
DA:48,1
DA:49,1
DA:57,1
DA:58,1
DA:62,1
DA:63,1
DA:71,3
DA:72,3
DA:73,3
DA:74,3
DA:80,5
DA:81,5
DA:82,5
DA:86,4
DA:87,4
DA:88,4
DA:92,2
DA:93,2
DA:94,2
DA:95,1
LF:44
LH:44
BRDA:29,0,0,1
BRDA:29,0,1,4
BRDA:29,1,0,5
BRDA:29,1,1,4
BRDA:35,2,0,1
BRDA:35,2,1,3
BRDA:39,3,0,1
BRDA:39,3,1,2
BRDA:46,4,0,1
BRDA:46,4,1,1
BRDA:94,5,0,1
BRDA:94,5,1,1
BRDA:13,6,0,3
BRDA:13,6,1,0
BRDA:13,7,0,3
BRDA:13,7,1,3
BRDA:13,8,0,3
BRDA:13,8,1,0
BRDA:13,9,0,3
BRDA:13,9,1,3
BRDA:14,10,0,3
BRDA:14,10,1,0
BRDA:14,11,0,3
BRDA:14,11,1,3
BRDA:15,12,0,3
BRDA:15,12,1,0
BRDA:15,13,0,3
BRDA:15,13,1,3
BRF:28
BRH:24
end_of_record
TN:
SF:src\auth\decorators\public.decorator.ts
FN:7,(anonymous_0)
FNF:1
FNH:1
FNDA:10,(anonymous_0)
DA:1,2
DA:4,2
DA:7,10
LF:3
LH:3
BRF:0
BRH:0
end_of_record
TN:
SF:src\auth\dto\auth.dtos.ts
FNF:0
FNH:0
DA:3,2
DA:4,2
DA:6,2
DA:9,2
DA:14,2
DA:17,2
DA:20,2
DA:24,2
DA:28,2
DA:31,2
DA:35,2
LF:11
LH:11
BRF:0
BRH:0
end_of_record
TN:
SF:src\auth\guards\google-auth.guard.ts
FNF:0
FNH:0
DA:1,2
DA:2,2
DA:5,2
LF:3
LH:3
BRF:0
BRH:0
end_of_record
TN:
SF:src\auth\guards\jwt-auth.guard.ts
FN:8,(anonymous_2)
FN:12,(anonymous_3)
FNF:2
FNH:2
FNDA:2,(anonymous_2)
FNDA:8,(anonymous_3)
DA:1,2
DA:2,2
DA:3,2
DA:4,2
DA:7,2
DA:8,2
DA:9,2
DA:14,8
DA:20,8
DA:21,6
DA:25,2
LF:11
LH:11
BRDA:20,0,0,6
BRDA:20,0,1,2
BRDA:8,1,0,2
BRDA:8,1,1,0
BRDA:8,2,0,2
BRDA:8,2,1,2
BRF:6
BRH:5
end_of_record
TN:
SF:src\auth\guards\local-auth.guard.ts
FNF:0
FNH:0
DA:1,2
DA:2,2
DA:5,2
LF:3
LH:3
BRF:0
BRH:0
end_of_record
TN:
SF:src\auth\strategy\google.strategy.ts
FN:8,(anonymous_2)
FN:17,(anonymous_3)
FNF:2
FNH:1
FNDA:2,(anonymous_2)
FNDA:0,(anonymous_3)
DA:1,2
DA:2,2
DA:3,2
DA:4,2
DA:7,2
DA:9,2
DA:18,0
DA:19,0
DA:29,0
LF:9
LH:6
BRF:0
BRH:0
end_of_record
TN:
SF:src\auth\strategy\jwt.strategy.ts
FN:9,(anonymous_2)
FN:20,(anonymous_3)
FNF:2
FNH:2
FNDA:2,(anonymous_2)
FNDA:2,(anonymous_3)
DA:1,2
DA:2,2
DA:3,2
DA:5,2
DA:8,2
DA:10,2
DA:11,0
DA:13,2
DA:21,2
LF:9
LH:8
BRDA:10,0,0,0
BRDA:10,0,1,2
BRF:2
BRH:1
end_of_record
TN:
SF:src\auth\strategy\local.strategy.ts
FN:8,(anonymous_2)
FN:12,(anonymous_3)
FNF:2
FNH:2
FNDA:2,(anonymous_2)
FNDA:2,(anonymous_3)
DA:1,2
DA:2,2
DA:3,2
DA:4,2
DA:7,2
DA:8,2
DA:9,2
DA:13,2
DA:14,2
DA:15,0
DA:17,2
LF:11
LH:10
BRDA:14,0,0,0
BRDA:14,0,1,2
BRDA:8,1,0,2
BRDA:8,1,1,0
BRDA:8,2,0,2
BRDA:8,2,1,2
BRF:6
BRH:4
end_of_record
TN:
SF:src\bike\bike.controller.ts
FN:10,(anonymous_4)
FN:14,(anonymous_5)
FN:20,(anonymous_6)
FN:26,(anonymous_7)
FN:32,(anonymous_8)
FN:38,(anonymous_9)
FN:44,(anonymous_10)
FNF:7
FNH:2
FNDA:2,(anonymous_4)
FNDA:0,(anonymous_5)
FNDA:1,(anonymous_6)
FNDA:0,(anonymous_7)
FNDA:0,(anonymous_8)
FNDA:0,(anonymous_9)
FNDA:0,(anonymous_10)
DA:1,2
DA:2,2
DA:3,2
DA:4,2
DA:5,2
DA:6,2
DA:9,2
DA:10,2
DA:14,2
DA:15,0
DA:20,2
DA:21,1
DA:26,2
DA:27,0
DA:32,2
DA:33,0
DA:38,2
DA:39,0
DA:44,2
DA:45,0
LF:20
LH:15
BRDA:14,0,0,2
BRDA:14,0,1,0
BRDA:14,1,0,2
BRDA:14,1,1,2
BRDA:32,2,0,2
BRDA:32,2,1,0
BRDA:32,3,0,2
BRDA:32,3,1,2
BRDA:10,4,0,2
BRDA:10,4,1,0
BRDA:10,5,0,2
BRDA:10,5,1,2
BRF:12
BRH:9
end_of_record
TN:
SF:src\bike\bike.module.ts
FNF:0
FNH:0
DA:1,2
DA:2,2
DA:3,2
DA:4,2
DA:5,2
DA:6,2
DA:14,2
LF:7
LH:7
BRF:0
BRH:0
end_of_record
TN:
SF:src\bike\bike.repository.ts
FN:8,(anonymous_2)
FN:10,(anonymous_3)
FN:13,(anonymous_4)
FN:16,(anonymous_5)
FN:19,(anonymous_6)
FN:22,(anonymous_7)
FN:25,(anonymous_8)
FNF:7
FNH:6
FNDA:3,(anonymous_2)
FNDA:1,(anonymous_3)
FNDA:2,(anonymous_4)
FNDA:1,(anonymous_5)
FNDA:1,(anonymous_6)
FNDA:0,(anonymous_7)
FNDA:1,(anonymous_8)
DA:1,4
DA:2,4
DA:7,4
DA:8,3
DA:11,1
DA:14,2
DA:17,1
DA:20,1
DA:23,0
DA:26,1
LF:10
LH:9
BRDA:8,0,0,4
BRDA:8,0,1,0
BRDA:8,1,0,4
BRDA:8,1,1,4
BRF:4
BRH:3
end_of_record
TN:
SF:src\bike\bike.service.ts
FN:9,(anonymous_2)
FN:11,(anonymous_3)
FN:15,(anonymous_4)
FN:19,(anonymous_5)
FN:23,(anonymous_6)
FN:27,(anonymous_7)
FN:31,(anonymous_8)
FNF:7
FNH:3
FNDA:9,(anonymous_2)
FNDA:1,(anonymous_3)
FNDA:1,(anonymous_4)
FNDA:0,(anonymous_5)
FNDA:0,(anonymous_6)
FNDA:0,(anonymous_7)
FNDA:0,(anonymous_8)
DA:1,3
DA:5,3
DA:8,3
DA:9,9
DA:12,1
DA:16,1
DA:20,0
DA:24,0
DA:28,0
DA:32,0
LF:10
LH:6
BRDA:9,0,0,3
BRDA:9,0,1,0
BRDA:9,1,0,3
BRDA:9,1,1,3
BRF:4
BRH:3
end_of_record
TN:
SF:src\bike\bike-data-scraper\bike-data-scraper.service.ts
FN:18,(anonymous_5)
FN:24,(anonymous_6)
FN:29,(anonymous_7)
FN:33,(anonymous_8)
FN:37,(anonymous_9)
FN:48,(anonymous_10)
FN:69,(anonymous_11)
FN:71,(anonymous_12)
FN:75,(anonymous_13)
FN:78,(anonymous_14)
FN:80,(anonymous_15)
FN:82,(anonymous_16)
FN:101,(anonymous_17)
FN:113,(anonymous_18)
FN:115,(anonymous_19)
FN:132,(anonymous_20)
FN:138,(anonymous_21)
FN:148,(anonymous_22)
FNF:18
FNH:6
FNDA:3,(anonymous_5)
FNDA:1,(anonymous_6)
FNDA:1,(anonymous_7)
FNDA:0,(anonymous_8)
FNDA:0,(anonymous_9)
FNDA:0,(anonymous_10)
FNDA:0,(anonymous_11)
FNDA:0,(anonymous_12)
FNDA:0,(anonymous_13)
FNDA:0,(anonymous_14)
FNDA:0,(anonymous_15)
FNDA:0,(anonymous_16)
FNDA:0,(anonymous_17)
FNDA:0,(anonymous_18)
FNDA:0,(anonymous_19)
FNDA:1,(anonymous_20)
FNDA:1,(anonymous_21)
FNDA:1,(anonymous_22)
DA:1,3
DA:2,3
DA:3,3
DA:4,3
DA:6,3
DA:9,3
DA:11,3
DA:14,3
DA:16,3
DA:19,3
DA:21,3
DA:25,1
DA:26,1
DA:28,1
DA:29,1
DA:30,1
DA:31,1
DA:33,1
DA:34,0
DA:36,0
DA:38,0
DA:39,0
DA:40,0
DA:42,0
DA:48,0
DA:52,0
DA:57,0
DA:59,1
DA:61,1
DA:62,0
DA:65,1
DA:70,0
DA:71,0
DA:72,0
DA:73,0
DA:75,0
DA:76,0
DA:78,0
DA:79,0
DA:80,0
DA:81,0
DA:82,0
DA:88,0
DA:89,0
DA:91,0
DA:93,0
DA:94,0
DA:97,0
DA:106,0
DA:107,0
DA:109,0
DA:110,0
DA:111,0
DA:113,0
DA:114,0
DA:115,0
DA:116,0
DA:117,0
DA:118,0
DA:123,0
DA:124,0
DA:125,0
DA:126,0
DA:129,0
DA:133,1
DA:135,1
DA:139,1
DA:140,1
DA:141,1
DA:142,1
DA:143,1
DA:145,1
DA:149,1
LF:73
LH:30
BRDA:43,0,0,0
BRDA:43,0,1,0
BRDA:44,1,0,0
BRDA:44,1,1,0
BRDA:48,2,0,0
BRDA:48,2,1,0
BRDA:61,3,0,0
BRDA:61,3,1,1
BRDA:93,4,0,0
BRDA:93,4,1,0
BRDA:104,5,0,0
BRDA:106,6,0,0
BRDA:106,6,1,0
BRDA:110,7,0,0
BRDA:110,7,1,0
BRDA:113,8,0,0
BRDA:113,8,1,0
BRDA:113,9,0,0
BRDA:113,9,1,0
BRDA:115,10,0,0
BRDA:115,10,1,0
BRDA:117,11,0,0
BRDA:117,11,1,0
BRDA:125,12,0,0
BRDA:125,12,1,0
BRDA:19,13,0,3
BRDA:19,13,1,0
BRDA:19,14,0,3
BRDA:19,14,1,3
BRDA:19,15,0,3
BRDA:19,15,1,0
BRDA:19,16,0,3
BRDA:19,16,1,3
BRF:33
BRH:7
end_of_record
TN:
SF:src\bike\dto\create-bike.dto.ts
FNF:0
FNH:0
DA:1,2
DA:2,2
DA:4,2
DA:8,2
DA:14,2
DA:20,2
DA:27,2
DA:34,2
DA:41,2
DA:47,2
DA:53,2
DA:59,2
LF:12
LH:12
BRF:0
BRH:0
end_of_record
TN:
SF:src\bike\dto\response-bike.dto.ts
FNF:0
FNH:0
DA:1,2
DA:4,2
DA:6,2
DA:9,2
DA:12,2
DA:15,2
DA:18,2
DA:21,2
DA:24,2
DA:27,2
DA:30,2
DA:33,2
DA:36,2
DA:39,2
DA:42,2
DA:45,2
LF:16
LH:16
BRF:0
BRH:0
end_of_record
TN:
SF:src\bike\dto\update-bike.dto.ts
FNF:0
FNH:0
DA:1,2
DA:2,2
DA:4,2
LF:3
LH:3
BRF:0
BRH:0
end_of_record
TN:
SF:src\refreshtoken\refreshtoken.module.ts
FNF:0
FNH:0
DA:1,2
DA:2,2
DA:3,2
DA:10,2
LF:4
LH:4
BRF:0
BRH:0
end_of_record
TN:
SF:src\refreshtoken\refreshtoken.repository.ts
FN:7,(anonymous_2)
FN:9,(anonymous_3)
FN:13,(anonymous_4)
FN:31,(anonymous_5)
FN:57,(anonymous_6)
FN:63,(anonymous_7)
FN:73,(anonymous_8)
FN:83,(anonymous_9)
FN:91,(anonymous_10)
FNF:9
FNH:2
FNDA:2,(anonymous_2)
FNDA:0,(anonymous_3)
FNDA:2,(anonymous_4)
FNDA:0,(anonymous_5)
FNDA:0,(anonymous_6)
FNDA:0,(anonymous_7)
FNDA:0,(anonymous_8)
FNDA:0,(anonymous_9)
FNDA:0,(anonymous_10)
DA:1,4
DA:2,4
DA:6,4
DA:7,2
DA:10,0
DA:20,2
DA:39,0
DA:58,0
DA:64,0
DA:74,0
DA:84,0
DA:92,0
LF:12
LH:5
BRDA:7,0,0,4
BRDA:7,0,1,0
BRDA:7,1,0,4
BRDA:7,1,1,4
BRF:4
BRH:3
end_of_record
TN:
SF:src\user\user.controller.ts
FN:13,(anonymous_4)
FN:19,(anonymous_5)
FN:31,(anonymous_6)
FN:40,(anonymous_7)
FN:45,(anonymous_8)
FNF:5
FNH:3
FNDA:2,(anonymous_4)
FNDA:1,(anonymous_5)
FNDA:0,(anonymous_6)
FNDA:0,(anonymous_7)
FNDA:1,(anonymous_8)
DA:5,2
DA:6,2
DA:7,2
DA:8,2
DA:12,2
DA:13,2
DA:19,2
DA:20,1
DA:21,1
DA:22,0
DA:24,1
DA:31,2
DA:32,0
DA:33,0
DA:40,2
DA:41,0
DA:42,0
DA:46,1
LF:18
LH:13
BRDA:21,0,0,0
BRDA:21,0,1,1
BRDA:48,1,0,1
BRDA:48,1,1,0
BRDA:49,2,0,1
BRDA:49,2,1,0
BRDA:55,3,0,1
BRDA:55,3,1,0
BRDA:56,4,0,1
BRDA:56,4,1,1
BRDA:57,5,0,1
BRDA:57,5,1,0
BRDA:58,6,0,1
BRDA:58,6,1,0
BRDA:31,7,0,2
BRDA:31,7,1,0
BRDA:31,8,0,2
BRDA:31,8,1,2
BRDA:31,9,0,2
BRDA:31,9,1,0
BRDA:31,10,0,2
BRDA:31,10,1,2
BRDA:40,11,0,2
BRDA:40,11,1,0
BRDA:40,12,0,2
BRDA:40,12,1,2
BRDA:13,13,0,2
BRDA:13,13,1,0
BRDA:13,14,0,2
BRDA:13,14,1,2
BRF:30
BRH:20
end_of_record
TN:
SF:src\user\user.module.ts
FNF:0
FNH:0
DA:1,2
DA:2,2
DA:3,2
DA:4,2
DA:5,2
DA:13,2
LF:6
LH:6
BRF:0
BRH:0
end_of_record
TN:
SF:src\user\user.repository.ts
FN:9,(anonymous_2)
FN:11,(anonymous_3)
FN:15,(anonymous_4)
FN:18,(anonymous_5)
FN:30,(anonymous_6)
FN:36,(anonymous_7)
FN:41,(anonymous_8)
FN:47,(anonymous_9)
FNF:8
FNH:4
FNDA:2,(anonymous_2)
FNDA:2,(anonymous_3)
FNDA:0,(anonymous_4)
FNDA:0,(anonymous_5)
FNDA:1,(anonymous_6)
FNDA:0,(anonymous_7)
FNDA:5,(anonymous_8)
FNDA:0,(anonymous_9)
DA:1,4
DA:2,4
DA:8,4
DA:9,2
DA:12,2
DA:17,0
DA:18,0
DA:21,0
DA:31,1
DA:37,0
DA:42,5
DA:48,0
LF:12
LH:7
BRDA:9,0,0,4
BRDA:9,0,1,0
BRDA:9,1,0,4
BRDA:9,1,1,4
BRF:4
BRH:3
end_of_record
TN:
SF:src\user\user.service.ts
FN:10,(anonymous_3)
FN:12,(anonymous_4)
FN:17,(anonymous_5)
FN:22,(anonymous_6)
FN:27,(anonymous_7)
FN:41,(anonymous_8)
FN:65,(anonymous_9)
FNF:7
FNH:4
FNDA:2,(anonymous_3)
FNDA:0,(anonymous_4)
FNDA:1,(anonymous_5)
FNDA:2,(anonymous_6)
FNDA:0,(anonymous_7)
FNDA:3,(anonymous_8)
FNDA:0,(anonymous_9)
DA:1,4
DA:2,4
DA:4,4
DA:9,4
DA:10,2
DA:13,0
DA:14,0
DA:18,1
DA:19,1
DA:23,2
DA:24,2
DA:29,0
DA:38,0
DA:43,3
DA:44,3
DA:45,1
DA:49,2
DA:50,2
DA:53,2
DA:63,2
DA:66,0
DA:67,0
DA:68,0
DA:70,0
DA:71,0
LF:25
LH:16
BRDA:44,0,0,1
BRDA:44,0,1,2
BRDA:67,1,0,0
BRDA:67,1,1,0
BRDA:10,2,0,4
BRDA:10,2,1,0
BRDA:10,3,0,4
BRDA:10,3,1,4
BRF:8
BRH:5
end_of_record
TN:
SF:src\user\dto\user.dtos.ts
FNF:0
FNH:0
DA:1,2
DA:3,2
DA:7,2
DA:13,2
DA:17,2
DA:24,2
DA:28,2
DA:33,2
DA:36,2
DA:42,2
DA:47,2
DA:53,2
DA:59,2
DA:64,2
DA:70,2
DA:75,2
DA:78,2
DA:80,2
DA:82,2
DA:84,2
DA:86,2
DA:88,2
DA:90,2
DA:92,2
DA:94,2
DA:96,2
DA:98,2
DA:100,2
DA:102,2
LF:29
LH:29
BRDA:100,0,0,2
BRDA:100,0,1,0
BRDA:100,1,0,2
BRDA:100,1,1,2
BRDA:102,2,0,2
BRDA:102,2,1,0
BRDA:102,3,0,2
BRDA:102,3,1,2
BRF:8
BRH:6
end_of_record
